[2019-08-24 21:43:01.650] [exthost] [info] extension host started
[2019-08-24 21:43:01.703] [exthost] [info] ExtensionService#_doActivateExtension vscode.debug-auto-launch {"startup":true,"activationEvent":"*"}
[2019-08-24 21:43:01.703] [exthost] [info] ExtensionService#loadCommonJSModule /usr/share/code/resources/app/extensions/debug-auto-launch/dist/extension
[2019-08-24 21:43:01.716] [exthost] [info] ExtensionService#_doActivateExtension vscode.emmet {"startup":true,"activationEvent":"*"}
[2019-08-24 21:43:01.716] [exthost] [info] ExtensionService#loadCommonJSModule /usr/share/code/resources/app/extensions/emmet/dist/extension
[2019-08-24 21:43:01.731] [exthost] [info] ExtensionService#_doActivateExtension vscode.git {"startup":true,"activationEvent":"*"}
[2019-08-24 21:43:01.731] [exthost] [info] ExtensionService#loadCommonJSModule /usr/share/code/resources/app/extensions/git/dist/main
[2019-08-24 21:43:01.836] [exthost] [info] ExtensionService#_doActivateExtension vscode.merge-conflict {"startup":true,"activationEvent":"*"}
[2019-08-24 21:43:01.836] [exthost] [info] ExtensionService#loadCommonJSModule /usr/share/code/resources/app/extensions/merge-conflict/dist/extension
[2019-08-24 21:43:01.842] [exthost] [info] ExtensionService#_doActivateExtension dbaeumer.vscode-eslint {"startup":true,"activationEvent":"*"}
[2019-08-24 21:43:01.842] [exthost] [info] ExtensionService#loadCommonJSModule /home/geovani/.vscode/extensions/dbaeumer.vscode-eslint-1.9.0/client/out/extension
[2019-08-24 21:43:01.882] [exthost] [info] ExtensionService#_doActivateExtension EditorConfig.EditorConfig {"startup":true,"activationEvent":"*"}
[2019-08-24 21:43:01.882] [exthost] [info] ExtensionService#loadCommonJSModule /home/geovani/.vscode/extensions/editorconfig.editorconfig-0.13.0/out/src/editorConfigMain
[2019-08-24 21:43:01.930] [exthost] [info] ExtensionService#_doActivateExtension esbenp.prettier-vscode {"startup":true,"activationEvent":"*"}
[2019-08-24 21:43:01.930] [exthost] [info] ExtensionService#loadCommonJSModule /home/geovani/.vscode/extensions/esbenp.prettier-vscode-2.0.0/out/extension
[2019-08-24 21:43:02.091] [exthost] [info] ExtensionService#_doActivateExtension naumovs.color-highlight {"startup":true,"activationEvent":"*"}
[2019-08-24 21:43:02.091] [exthost] [info] ExtensionService#loadCommonJSModule /home/geovani/.vscode/extensions/naumovs.color-highlight-2.3.0/dist/extension
[2019-08-24 21:43:02.126] [exthost] [info] ExtensionService#_doActivateExtension PKief.material-icon-theme {"startup":true,"activationEvent":"*"}
[2019-08-24 21:43:02.126] [exthost] [info] ExtensionService#loadCommonJSModule /home/geovani/.vscode/extensions/pkief.material-icon-theme-3.8.1/dist/extension
[2019-08-24 21:43:02.153] [exthost] [info] ExtensionService#_doActivateExtension vscode-icons-team.vscode-icons {"startup":true,"activationEvent":"*"}
[2019-08-24 21:43:02.153] [exthost] [info] ExtensionService#loadCommonJSModule /home/geovani/.vscode/extensions/vscode-icons-team.vscode-icons-9.3.0/dist/src/vscode-icons.bundle.js
[2019-08-24 21:43:02.788] [exthost] [info] eager extensions activated
[2019-08-24 21:43:08.823] [exthost] [info] ExtensionService#_doActivateExtension vscode.configuration-editing {"startup":false,"activationEvent":"onLanguage:jsonc"}
[2019-08-24 21:43:08.823] [exthost] [info] ExtensionService#loadCommonJSModule /usr/share/code/resources/app/extensions/configuration-editing/dist/extension
[2019-08-24 21:43:08.833] [exthost] [info] ExtensionService#_doActivateExtension vscode.json-language-features {"startup":false,"activationEvent":"onLanguage:jsonc"}
[2019-08-24 21:43:08.833] [exthost] [info] ExtensionService#loadCommonJSModule /usr/share/code/resources/app/extensions/json-language-features/client/dist/jsonMain
[2019-08-24 21:43:08.950] [exthost] [info] ExtensionService#_doActivateExtension vscode.typescript-language-features {"startup":false,"activationEvent":"onLanguage:jsonc"}
[2019-08-24 21:43:08.951] [exthost] [info] ExtensionService#loadCommonJSModule /usr/share/code/resources/app/extensions/typescript-language-features/dist/extension
[2019-08-24 21:47:20.961] [exthost] [info] ExtensionService#_doActivateExtension vscode.extension-editing {"startup":false,"activationEvent":"onLanguage:json"}
[2019-08-24 21:47:20.961] [exthost] [info] ExtensionService#loadCommonJSModule /usr/share/code/resources/app/extensions/extension-editing/dist/extension
[2019-08-24 21:47:21.011] [exthost] [info] ExtensionService#_doActivateExtension vscode.npm {"startup":false,"activationEvent":"onLanguage:json"}
[2019-08-24 21:47:21.011] [exthost] [info] ExtensionService#loadCommonJSModule /usr/share/code/resources/app/extensions/npm/dist/main
[2019-08-25 00:32:02.316] [exthost] [info] extension host started
[2019-08-25 00:32:02.451] [exthost] [info] ExtensionService#_doActivateExtension vscode.typescript-language-features {"startup":false,"activationEvent":"onLanguage:javascript"}
[2019-08-25 00:32:02.451] [exthost] [info] ExtensionService#loadCommonJSModule /usr/share/code/resources/app/extensions/typescript-language-features/dist/extension
[2019-08-25 00:32:02.643] [exthost] [info] ExtensionService#_doActivateExtension vscode.debug-auto-launch {"startup":true,"activationEvent":"*"}
[2019-08-25 00:32:02.643] [exthost] [info] ExtensionService#loadCommonJSModule /usr/share/code/resources/app/extensions/debug-auto-launch/dist/extension
[2019-08-25 00:32:02.659] [exthost] [info] ExtensionService#_doActivateExtension vscode.emmet {"startup":true,"activationEvent":"*"}
[2019-08-25 00:32:02.659] [exthost] [info] ExtensionService#loadCommonJSModule /usr/share/code/resources/app/extensions/emmet/dist/extension
[2019-08-25 00:32:02.714] [exthost] [info] ExtensionService#_doActivateExtension vscode.git {"startup":true,"activationEvent":"*"}
[2019-08-25 00:32:02.716] [exthost] [info] ExtensionService#loadCommonJSModule /usr/share/code/resources/app/extensions/git/dist/main
[2019-08-25 00:32:02.957] [exthost] [info] ExtensionService#_doActivateExtension vscode.merge-conflict {"startup":true,"activationEvent":"*"}
[2019-08-25 00:32:02.957] [exthost] [info] ExtensionService#loadCommonJSModule /usr/share/code/resources/app/extensions/merge-conflict/dist/extension
[2019-08-25 00:32:02.969] [exthost] [info] ExtensionService#_doActivateExtension EditorConfig.EditorConfig {"startup":true,"activationEvent":"*"}
[2019-08-25 00:32:02.969] [exthost] [info] ExtensionService#loadCommonJSModule /home/geovani/.vscode/extensions/editorconfig.editorconfig-0.13.0/out/src/editorConfigMain
[2019-08-25 00:32:03.113] [exthost] [info] ExtensionService#_doActivateExtension esbenp.prettier-vscode {"startup":true,"activationEvent":"*"}
[2019-08-25 00:32:03.113] [exthost] [info] ExtensionService#loadCommonJSModule /home/geovani/.vscode/extensions/esbenp.prettier-vscode-2.1.0/out/extension
[2019-08-25 00:32:03.555] [exthost] [info] ExtensionService#_doActivateExtension naumovs.color-highlight {"startup":true,"activationEvent":"*"}
[2019-08-25 00:32:03.555] [exthost] [info] ExtensionService#loadCommonJSModule /home/geovani/.vscode/extensions/naumovs.color-highlight-2.3.0/dist/extension
[2019-08-25 00:32:03.610] [exthost] [info] ExtensionService#_doActivateExtension PKief.material-icon-theme {"startup":true,"activationEvent":"*"}
[2019-08-25 00:32:03.610] [exthost] [info] ExtensionService#loadCommonJSModule /home/geovani/.vscode/extensions/pkief.material-icon-theme-3.8.1/dist/extension
[2019-08-25 00:32:03.655] [exthost] [info] ExtensionService#_doActivateExtension vscode-icons-team.vscode-icons {"startup":true,"activationEvent":"*"}
[2019-08-25 00:32:03.655] [exthost] [info] ExtensionService#loadCommonJSModule /home/geovani/.vscode/extensions/vscode-icons-team.vscode-icons-9.3.0/dist/src/vscode-icons.bundle.js
[2019-08-25 00:32:04.559] [exthost] [info] eager extensions activated
[2019-08-25 00:32:07.835] [exthost] [info] ExtensionService#_doActivateExtension dbaeumer.vscode-eslint {"startup":false,"activationEvent":"*"}
[2019-08-25 00:32:07.835] [exthost] [info] ExtensionService#loadCommonJSModule /home/geovani/.vscode/extensions/dbaeumer.vscode-eslint-1.9.0/client/out/extension
[2019-08-25 00:32:52.813] [exthost] [info] ExtensionService#_doActivateExtension vscode.grunt {"startup":false,"activationEvent":"onCommand:workbench.action.tasks.runTask"}
[2019-08-25 00:32:52.813] [exthost] [info] ExtensionService#loadCommonJSModule /usr/share/code/resources/app/extensions/grunt/dist/main
[2019-08-25 00:32:52.821] [exthost] [info] ExtensionService#_doActivateExtension vscode.gulp {"startup":false,"activationEvent":"onCommand:workbench.action.tasks.runTask"}
[2019-08-25 00:32:52.821] [exthost] [info] ExtensionService#loadCommonJSModule /usr/share/code/resources/app/extensions/gulp/dist/main
[2019-08-25 00:32:52.828] [exthost] [info] ExtensionService#_doActivateExtension vscode.jake {"startup":false,"activationEvent":"onCommand:workbench.action.tasks.runTask"}
[2019-08-25 00:32:52.828] [exthost] [info] ExtensionService#loadCommonJSModule /usr/share/code/resources/app/extensions/jake/dist/main
[2019-08-25 00:32:52.835] [exthost] [info] ExtensionService#_doActivateExtension vscode.npm {"startup":false,"activationEvent":"onCommand:workbench.action.tasks.runTask"}
[2019-08-25 00:32:52.835] [exthost] [info] ExtensionService#loadCommonJSModule /usr/share/code/resources/app/extensions/npm/dist/main
[2019-08-25 00:33:34.428] [exthost] [info] ExtensionService#_doActivateExtension vscode.configuration-editing {"startup":false,"activationEvent":"onLanguage:jsonc"}
[2019-08-25 00:33:34.428] [exthost] [info] ExtensionService#loadCommonJSModule /usr/share/code/resources/app/extensions/configuration-editing/dist/extension
[2019-08-25 00:33:34.443] [exthost] [info] ExtensionService#_doActivateExtension vscode.json-language-features {"startup":false,"activationEvent":"onLanguage:jsonc"}
[2019-08-25 00:33:34.443] [exthost] [info] ExtensionService#loadCommonJSModule /usr/share/code/resources/app/extensions/json-language-features/client/dist/jsonMain
[2019-08-25 00:44:32.818] [exthost] [info] ExtensionService#_doActivateExtension vscode.extension-editing {"startup":false,"activationEvent":"onLanguage:typescript"}
[2019-08-25 00:44:32.818] [exthost] [info] ExtensionService#loadCommonJSModule /usr/share/code/resources/app/extensions/extension-editing/dist/extension
[2019-08-25 01:27:37.278] [exthost] [info] extension host started
[2019-08-25 01:27:37.349] [exthost] [info] ExtensionService#_doActivateExtension vscode.typescript-language-features {"startup":false,"activationEvent":"onLanguage:javascript"}
[2019-08-25 01:27:37.350] [exthost] [info] ExtensionService#loadCommonJSModule /usr/share/code/resources/app/extensions/typescript-language-features/dist/extension
[2019-08-25 01:27:37.516] [exthost] [info] ExtensionService#_doActivateExtension vscode.debug-auto-launch {"startup":true,"activationEvent":"*"}
[2019-08-25 01:27:37.516] [exthost] [info] ExtensionService#loadCommonJSModule /usr/share/code/resources/app/extensions/debug-auto-launch/dist/extension
[2019-08-25 01:27:37.527] [exthost] [info] ExtensionService#_doActivateExtension vscode.emmet {"startup":true,"activationEvent":"*"}
[2019-08-25 01:27:37.528] [exthost] [info] ExtensionService#loadCommonJSModule /usr/share/code/resources/app/extensions/emmet/dist/extension
[2019-08-25 01:27:37.556] [exthost] [info] ExtensionService#_doActivateExtension vscode.git {"startup":true,"activationEvent":"*"}
[2019-08-25 01:27:37.556] [exthost] [info] ExtensionService#loadCommonJSModule /usr/share/code/resources/app/extensions/git/dist/main
[2019-08-25 01:27:37.783] [exthost] [info] ExtensionService#_doActivateExtension vscode.merge-conflict {"startup":true,"activationEvent":"*"}
[2019-08-25 01:27:37.783] [exthost] [info] ExtensionService#loadCommonJSModule /usr/share/code/resources/app/extensions/merge-conflict/dist/extension
[2019-08-25 01:27:37.800] [exthost] [info] ExtensionService#_doActivateExtension dbaeumer.vscode-eslint {"startup":true,"activationEvent":"*"}
[2019-08-25 01:27:37.800] [exthost] [info] ExtensionService#loadCommonJSModule /home/geovani/.vscode/extensions/dbaeumer.vscode-eslint-1.9.0/client/out/extension
[2019-08-25 01:27:37.849] [exthost] [info] ExtensionService#_doActivateExtension EditorConfig.EditorConfig {"startup":true,"activationEvent":"*"}
[2019-08-25 01:27:37.849] [exthost] [info] ExtensionService#loadCommonJSModule /home/geovani/.vscode/extensions/editorconfig.editorconfig-0.13.0/out/src/editorConfigMain
[2019-08-25 01:27:37.883] [exthost] [info] ExtensionService#_doActivateExtension esbenp.prettier-vscode {"startup":true,"activationEvent":"*"}
[2019-08-25 01:27:37.883] [exthost] [info] ExtensionService#loadCommonJSModule /home/geovani/.vscode/extensions/esbenp.prettier-vscode-2.1.0/out/extension
[2019-08-25 01:27:38.203] [exthost] [info] ExtensionService#_doActivateExtension naumovs.color-highlight {"startup":true,"activationEvent":"*"}
[2019-08-25 01:27:38.203] [exthost] [info] ExtensionService#loadCommonJSModule /home/geovani/.vscode/extensions/naumovs.color-highlight-2.3.0/dist/extension
[2019-08-25 01:27:38.240] [exthost] [info] ExtensionService#_doActivateExtension PKief.material-icon-theme {"startup":true,"activationEvent":"*"}
[2019-08-25 01:27:38.240] [exthost] [info] ExtensionService#loadCommonJSModule /home/geovani/.vscode/extensions/pkief.material-icon-theme-3.8.1/dist/extension
[2019-08-25 01:27:38.265] [exthost] [info] ExtensionService#_doActivateExtension vscode-icons-team.vscode-icons {"startup":true,"activationEvent":"*"}
[2019-08-25 01:27:38.265] [exthost] [info] ExtensionService#loadCommonJSModule /home/geovani/.vscode/extensions/vscode-icons-team.vscode-icons-9.3.0/dist/src/vscode-icons.bundle.js
[2019-08-25 01:27:38.951] [exthost] [info] eager extensions activated
[2019-08-25 01:28:33.434] [exthost] [error] [vscode.typescript-language-features] provider FAILED
[2019-08-25 01:28:33.434] [exthost] [error] {"label":"Acquiring typings...","detail":"Acquiring typings definitions for IntelliSense."}
[2019-08-25 01:28:33.533] [exthost] [error] [vscode.typescript-language-features] provider FAILED
[2019-08-25 01:28:33.533] [exthost] [error] {"label":"Acquiring typings...","detail":"Acquiring typings definitions for IntelliSense."}
[2019-08-25 01:28:33.641] [exthost] [error] [vscode.typescript-language-features] provider FAILED
[2019-08-25 01:28:33.641] [exthost] [error] {"label":"Acquiring typings...","detail":"Acquiring typings definitions for IntelliSense."}
[2019-08-25 01:28:33.720] [exthost] [error] [vscode.typescript-language-features] provider FAILED
[2019-08-25 01:28:33.720] [exthost] [error] {"label":"Acquiring typings...","detail":"Acquiring typings definitions for IntelliSense."}
[2019-08-25 01:28:34.533] [exthost] [error] [vscode.typescript-language-features] provider FAILED
[2019-08-25 01:28:34.533] [exthost] [error] {"label":"Acquiring typings...","detail":"Acquiring typings definitions for IntelliSense."}
[2019-08-25 01:28:35.124] [exthost] [error] [vscode.typescript-language-features] provider FAILED
[2019-08-25 01:28:35.124] [exthost] [error] {"label":"Acquiring typings...","detail":"Acquiring typings definitions for IntelliSense."}
[2019-08-25 01:38:43.574] [exthost] [info] ExtensionService#_doActivateExtension vscode.extension-editing {"startup":false,"activationEvent":"onLanguage:typescript"}
[2019-08-25 01:38:43.574] [exthost] [info] ExtensionService#loadCommonJSModule /usr/share/code/resources/app/extensions/extension-editing/dist/extension
[2019-08-25 01:44:58.391] [exthost] [error] [vscode.typescript-language-features] provider FAILED
[2019-08-25 01:44:58.391] [exthost] [error] {"label":"Acquiring typings...","detail":"Acquiring typings definitions for IntelliSense."}
[2019-08-25 01:44:58.531] [exthost] [error] [vscode.typescript-language-features] provider FAILED
[2019-08-25 01:44:58.531] [exthost] [error] {"label":"Acquiring typings...","detail":"Acquiring typings definitions for IntelliSense."}
[2019-08-25 02:15:38.669] [exthost] [error] [vscode.typescript-language-features] provider FAILED
[2019-08-25 02:15:38.672] [exthost] [error] Error: TypeScript Server Error (3.4.3)
Cannot read property 'emitNode' of undefined
TypeError: Cannot read property 'emitNode' of undefined
    at Object.getCommentRange (tsserver.js:63212:29)
    at emitNodeList (tsserver.js:86312:51)
    at emitList (tsserver.js:86191:13)
    at Object.writeList (tsserver.js:83634:13)
    at tsserver.js:106752:29
    at Object.mapToDisplayParts (tsserver.js:96614:13)
    at itemInfoForParameters (tsserver.js:106749:41)
    at getSignatureHelpItem (tsserver.js:106715:95)
    at tsserver.js:106688:79
    at Array.map (<anonymous>)
    at createSignatureHelpItems (tsserver.js:106688:36)
    at tsserver.js:106293:23
    at Object.runWithCancellationToken (tsserver.js:31444:28)
    at Object.getSignatureHelpItems (tsserver.js:106291:32)
    at Object.getSignatureHelpItems (tsserver.js:121081:37)
    at IOSession.Session.getSignatureHelpItems (tsserver.js:130027:62)
    at Session.handlers.ts.createMapFromTemplate._a.(anonymous function) (tsserver.js:128933:61)
    at tsserver.js:130454:88
    at IOSession.Session.executeWithRequestId (tsserver.js:130445:28)
    at IOSession.Session.executeCommand (tsserver.js:130454:33)
    at IOSession.Session.onMessage (tsserver.js:130476:35)
    at Interface.<anonymous> (tsserver.js:131773:27)
    at Interface.emit (events.js:182:13)
    at Interface._onLine (readline.js:290:10)
    at Interface._normalWrite (readline.js:433:12)
    at Socket.ondata (readline.js:149:10)
    at Socket.emit (events.js:182:13)
    at addChunk (_stream_readable.js:279:12)
    at readableAddChunk (_stream_readable.js:264:11)
    at Socket.Readable.push (_stream_readable.js:219:10)
    at Pipe.onread (net.js:636:20)
	at Function.create (/usr/share/code/resources/app/extensions/typescript-language-features/dist/extension.js:1:174464)
	at v.dispatchResponse (/usr/share/code/resources/app/extensions/typescript-language-features/dist/extension.js:1:179770)
	at v.dispatchMessage (/usr/share/code/resources/app/extensions/typescript-language-features/dist/extension.js:1:178522)
	at constructor._reader.onData.e (/usr/share/code/resources/app/extensions/typescript-language-features/dist/extension.js:1:177878)
	at u.fire (/usr/share/code/resources/app/out/vs/workbench/services/extensions/node/extensionHostProcess.js:44:708)
	at t.Reader.onLengthData (/usr/share/code/resources/app/extensions/typescript-language-features/dist/extension.js:1:183738)
	at Socket.t.Reader.constructor.e.on.e (/usr/share/code/resources/app/extensions/typescript-language-features/dist/extension.js:1:183386)
	at Socket.emit (events.js:182:13)
	at addChunk (_stream_readable.js:279:12)
	at readableAddChunk (_stream_readable.js:264:11)
	at Socket.Readable.push (_stream_readable.js:219:10)
	at Pipe.onread (net.js:636:20)
[2019-08-25 02:18:56.781] [exthost] [info] ExtensionService#_doActivateExtension vscode.configuration-editing {"startup":false,"activationEvent":"onLanguage:json"}
[2019-08-25 02:18:56.781] [exthost] [info] ExtensionService#loadCommonJSModule /usr/share/code/resources/app/extensions/configuration-editing/dist/extension
[2019-08-25 02:18:56.823] [exthost] [info] ExtensionService#_doActivateExtension vscode.json-language-features {"startup":false,"activationEvent":"onLanguage:json"}
[2019-08-25 02:18:56.823] [exthost] [info] ExtensionService#loadCommonJSModule /usr/share/code/resources/app/extensions/json-language-features/client/dist/jsonMain
[2019-08-25 02:18:56.913] [exthost] [info] ExtensionService#_doActivateExtension vscode.npm {"startup":false,"activationEvent":"onLanguage:json"}
[2019-08-25 02:18:56.913] [exthost] [info] ExtensionService#loadCommonJSModule /usr/share/code/resources/app/extensions/npm/dist/main
[2019-08-25 02:20:12.730] [exthost] [error] [vscode.typescript-language-features] provider FAILED
[2019-08-25 02:20:12.730] [exthost] [error] Error: TypeScript Server Error (3.4.3)
Cannot read property 'emitNode' of undefined
TypeError: Cannot read property 'emitNode' of undefined
    at Object.getCommentRange (tsserver.js:63212:29)
    at emitNodeList (tsserver.js:86312:51)
    at emitList (tsserver.js:86191:13)
    at Object.writeList (tsserver.js:83634:13)
    at tsserver.js:106752:29
    at Object.mapToDisplayParts (tsserver.js:96614:13)
    at itemInfoForParameters (tsserver.js:106749:41)
    at getSignatureHelpItem (tsserver.js:106715:95)
    at tsserver.js:106688:79
    at Array.map (<anonymous>)
    at createSignatureHelpItems (tsserver.js:106688:36)
    at tsserver.js:106293:23
    at Object.runWithCancellationToken (tsserver.js:31444:28)
    at Object.getSignatureHelpItems (tsserver.js:106291:32)
    at Object.getSignatureHelpItems (tsserver.js:121081:37)
    at IOSession.Session.getSignatureHelpItems (tsserver.js:130027:62)
    at Session.handlers.ts.createMapFromTemplate._a.(anonymous function) (tsserver.js:128933:61)
    at tsserver.js:130454:88
    at IOSession.Session.executeWithRequestId (tsserver.js:130445:28)
    at IOSession.Session.executeCommand (tsserver.js:130454:33)
    at IOSession.Session.onMessage (tsserver.js:130476:35)
    at Interface.<anonymous> (tsserver.js:131773:27)
    at Interface.emit (events.js:182:13)
    at Interface._onLine (readline.js:290:10)
    at Interface._normalWrite (readline.js:433:12)
    at Socket.ondata (readline.js:149:10)
    at Socket.emit (events.js:182:13)
    at addChunk (_stream_readable.js:279:12)
    at readableAddChunk (_stream_readable.js:264:11)
    at Socket.Readable.push (_stream_readable.js:219:10)
    at Pipe.onread (net.js:636:20)
	at Function.create (/usr/share/code/resources/app/extensions/typescript-language-features/dist/extension.js:1:174464)
	at v.dispatchResponse (/usr/share/code/resources/app/extensions/typescript-language-features/dist/extension.js:1:179770)
	at v.dispatchMessage (/usr/share/code/resources/app/extensions/typescript-language-features/dist/extension.js:1:178522)
	at constructor._reader.onData.e (/usr/share/code/resources/app/extensions/typescript-language-features/dist/extension.js:1:177878)
	at u.fire (/usr/share/code/resources/app/out/vs/workbench/services/extensions/node/extensionHostProcess.js:44:708)
	at t.Reader.onLengthData (/usr/share/code/resources/app/extensions/typescript-language-features/dist/extension.js:1:183738)
	at Socket.t.Reader.constructor.e.on.e (/usr/share/code/resources/app/extensions/typescript-language-features/dist/extension.js:1:183386)
	at Socket.emit (events.js:182:13)
	at addChunk (_stream_readable.js:279:12)
	at readableAddChunk (_stream_readable.js:264:11)
	at Socket.Readable.push (_stream_readable.js:219:10)
	at Pipe.onread (net.js:636:20)
[2019-08-25 02:24:05.033] [exthost] [error] [vscode.typescript-language-features] provider FAILED
[2019-08-25 02:24:05.033] [exthost] [error] Error: TypeScript Server Error (3.4.3)
Cannot read property 'emitNode' of undefined
TypeError: Cannot read property 'emitNode' of undefined
    at Object.getCommentRange (tsserver.js:63212:29)
    at emitNodeList (tsserver.js:86312:51)
    at emitList (tsserver.js:86191:13)
    at Object.writeList (tsserver.js:83634:13)
    at tsserver.js:106752:29
    at Object.mapToDisplayParts (tsserver.js:96614:13)
    at itemInfoForParameters (tsserver.js:106749:41)
    at getSignatureHelpItem (tsserver.js:106715:95)
    at tsserver.js:106688:79
    at Array.map (<anonymous>)
    at createSignatureHelpItems (tsserver.js:106688:36)
    at tsserver.js:106293:23
    at Object.runWithCancellationToken (tsserver.js:31444:28)
    at Object.getSignatureHelpItems (tsserver.js:106291:32)
    at Object.getSignatureHelpItems (tsserver.js:121081:37)
    at IOSession.Session.getSignatureHelpItems (tsserver.js:130027:62)
    at Session.handlers.ts.createMapFromTemplate._a.(anonymous function) (tsserver.js:128933:61)
    at tsserver.js:130454:88
    at IOSession.Session.executeWithRequestId (tsserver.js:130445:28)
    at IOSession.Session.executeCommand (tsserver.js:130454:33)
    at IOSession.Session.onMessage (tsserver.js:130476:35)
    at Interface.<anonymous> (tsserver.js:131773:27)
    at Interface.emit (events.js:182:13)
    at Interface._onLine (readline.js:290:10)
    at Interface._normalWrite (readline.js:433:12)
    at Socket.ondata (readline.js:149:10)
    at Socket.emit (events.js:182:13)
    at addChunk (_stream_readable.js:279:12)
    at readableAddChunk (_stream_readable.js:264:11)
    at Socket.Readable.push (_stream_readable.js:219:10)
    at Pipe.onread (net.js:636:20)
	at Function.create (/usr/share/code/resources/app/extensions/typescript-language-features/dist/extension.js:1:174464)
	at v.dispatchResponse (/usr/share/code/resources/app/extensions/typescript-language-features/dist/extension.js:1:179770)
	at v.dispatchMessage (/usr/share/code/resources/app/extensions/typescript-language-features/dist/extension.js:1:178522)
	at constructor._reader.onData.e (/usr/share/code/resources/app/extensions/typescript-language-features/dist/extension.js:1:177878)
	at u.fire (/usr/share/code/resources/app/out/vs/workbench/services/extensions/node/extensionHostProcess.js:44:708)
	at t.Reader.onLengthData (/usr/share/code/resources/app/extensions/typescript-language-features/dist/extension.js:1:183738)
	at Socket.t.Reader.constructor.e.on.e (/usr/share/code/resources/app/extensions/typescript-language-features/dist/extension.js:1:183386)
	at Socket.emit (events.js:182:13)
	at addChunk (_stream_readable.js:279:12)
	at readableAddChunk (_stream_readable.js:264:11)
	at Socket.Readable.push (_stream_readable.js:219:10)
	at Pipe.onread (net.js:636:20)
[2019-08-25 02:30:46.651] [exthost] [error] [vscode.typescript-language-features] provider FAILED
[2019-08-25 02:30:46.651] [exthost] [error] Error: TypeScript Server Error (3.4.3)
Cannot read property 'emitNode' of undefined
TypeError: Cannot read property 'emitNode' of undefined
    at Object.getCommentRange (tsserver.js:63212:29)
    at emitNodeList (tsserver.js:86312:51)
    at emitList (tsserver.js:86191:13)
    at Object.writeList (tsserver.js:83634:13)
    at tsserver.js:106752:29
    at Object.mapToDisplayParts (tsserver.js:96614:13)
    at itemInfoForParameters (tsserver.js:106749:41)
    at getSignatureHelpItem (tsserver.js:106715:95)
    at tsserver.js:106688:79
    at Array.map (<anonymous>)
    at createSignatureHelpItems (tsserver.js:106688:36)
    at tsserver.js:106293:23
    at Object.runWithCancellationToken (tsserver.js:31444:28)
    at Object.getSignatureHelpItems (tsserver.js:106291:32)
    at Object.getSignatureHelpItems (tsserver.js:121081:37)
    at IOSession.Session.getSignatureHelpItems (tsserver.js:130027:62)
    at Session.handlers.ts.createMapFromTemplate._a.(anonymous function) (tsserver.js:128933:61)
    at tsserver.js:130454:88
    at IOSession.Session.executeWithRequestId (tsserver.js:130445:28)
    at IOSession.Session.executeCommand (tsserver.js:130454:33)
    at IOSession.Session.onMessage (tsserver.js:130476:35)
    at Interface.<anonymous> (tsserver.js:131773:27)
    at Interface.emit (events.js:182:13)
    at Interface._onLine (readline.js:290:10)
    at Interface._normalWrite (readline.js:433:12)
    at Socket.ondata (readline.js:149:10)
    at Socket.emit (events.js:182:13)
    at addChunk (_stream_readable.js:279:12)
    at readableAddChunk (_stream_readable.js:264:11)
    at Socket.Readable.push (_stream_readable.js:219:10)
    at Pipe.onread (net.js:636:20)
	at Function.create (/usr/share/code/resources/app/extensions/typescript-language-features/dist/extension.js:1:174464)
	at v.dispatchResponse (/usr/share/code/resources/app/extensions/typescript-language-features/dist/extension.js:1:179770)
	at v.dispatchMessage (/usr/share/code/resources/app/extensions/typescript-language-features/dist/extension.js:1:178522)
	at constructor._reader.onData.e (/usr/share/code/resources/app/extensions/typescript-language-features/dist/extension.js:1:177878)
	at u.fire (/usr/share/code/resources/app/out/vs/workbench/services/extensions/node/extensionHostProcess.js:44:708)
	at t.Reader.onLengthData (/usr/share/code/resources/app/extensions/typescript-language-features/dist/extension.js:1:183738)
	at Socket.t.Reader.constructor.e.on.e (/usr/share/code/resources/app/extensions/typescript-language-features/dist/extension.js:1:183386)
	at Socket.emit (events.js:182:13)
	at addChunk (_stream_readable.js:279:12)
	at readableAddChunk (_stream_readable.js:264:11)
	at Socket.Readable.push (_stream_readable.js:219:10)
	at Pipe.onread (net.js:636:20)
[2019-08-25 02:55:43.628] [exthost] [error] onWillSaveTextDocument-listener from extension 'dbaeumer.vscode-eslint' threw ERROR
[2019-08-25 02:55:43.628] [exthost] [error] Error: concurrent_edits
	at define._deliverEventAsync.Promise.then.e (/usr/share/code/resources/app/out/vs/workbench/services/extensions/node/extensionHostProcess.js:440:308)
[2019-08-25 02:58:34.449] [exthost] [error] [vscode.typescript-language-features] provider FAILED
[2019-08-25 02:58:34.449] [exthost] [error] Error: TypeScript Server Error (3.4.3)
Cannot read property 'emitNode' of undefined
TypeError: Cannot read property 'emitNode' of undefined
    at Object.getCommentRange (tsserver.js:63212:29)
    at emitNodeList (tsserver.js:86312:51)
    at emitList (tsserver.js:86191:13)
    at Object.writeList (tsserver.js:83634:13)
    at tsserver.js:106752:29
    at Object.mapToDisplayParts (tsserver.js:96614:13)
    at itemInfoForParameters (tsserver.js:106749:41)
    at getSignatureHelpItem (tsserver.js:106715:95)
    at tsserver.js:106688:79
    at Array.map (<anonymous>)
    at createSignatureHelpItems (tsserver.js:106688:36)
    at tsserver.js:106293:23
    at Object.runWithCancellationToken (tsserver.js:31444:28)
    at Object.getSignatureHelpItems (tsserver.js:106291:32)
    at Object.getSignatureHelpItems (tsserver.js:121081:37)
    at IOSession.Session.getSignatureHelpItems (tsserver.js:130027:62)
    at Session.handlers.ts.createMapFromTemplate._a.(anonymous function) (tsserver.js:128933:61)
    at tsserver.js:130454:88
    at IOSession.Session.executeWithRequestId (tsserver.js:130445:28)
    at IOSession.Session.executeCommand (tsserver.js:130454:33)
    at IOSession.Session.onMessage (tsserver.js:130476:35)
    at Interface.<anonymous> (tsserver.js:131773:27)
    at Interface.emit (events.js:182:13)
    at Interface._onLine (readline.js:290:10)
    at Interface._normalWrite (readline.js:433:12)
    at Socket.ondata (readline.js:149:10)
    at Socket.emit (events.js:182:13)
    at addChunk (_stream_readable.js:279:12)
    at readableAddChunk (_stream_readable.js:264:11)
    at Socket.Readable.push (_stream_readable.js:219:10)
    at Pipe.onread (net.js:636:20)
	at Function.create (/usr/share/code/resources/app/extensions/typescript-language-features/dist/extension.js:1:174464)
	at v.dispatchResponse (/usr/share/code/resources/app/extensions/typescript-language-features/dist/extension.js:1:179770)
	at v.dispatchMessage (/usr/share/code/resources/app/extensions/typescript-language-features/dist/extension.js:1:178522)
	at constructor._reader.onData.e (/usr/share/code/resources/app/extensions/typescript-language-features/dist/extension.js:1:177878)
	at u.fire (/usr/share/code/resources/app/out/vs/workbench/services/extensions/node/extensionHostProcess.js:44:708)
	at t.Reader.onLengthData (/usr/share/code/resources/app/extensions/typescript-language-features/dist/extension.js:1:183738)
	at Socket.t.Reader.constructor.e.on.e (/usr/share/code/resources/app/extensions/typescript-language-features/dist/extension.js:1:183386)
	at Socket.emit (events.js:182:13)
	at addChunk (_stream_readable.js:279:12)
	at readableAddChunk (_stream_readable.js:264:11)
	at Socket.Readable.push (_stream_readable.js:219:10)
	at Pipe.onread (net.js:636:20)
[2019-08-25 02:59:35.772] [exthost] [error] [vscode.typescript-language-features] provider FAILED
[2019-08-25 02:59:35.772] [exthost] [error] Error: TypeScript Server Error (3.4.3)
Cannot read property 'emitNode' of undefined
TypeError: Cannot read property 'emitNode' of undefined
    at Object.getCommentRange (tsserver.js:63212:29)
    at emitNodeList (tsserver.js:86312:51)
    at emitList (tsserver.js:86191:13)
    at Object.writeList (tsserver.js:83634:13)
    at tsserver.js:106752:29
    at Object.mapToDisplayParts (tsserver.js:96614:13)
    at itemInfoForParameters (tsserver.js:106749:41)
    at getSignatureHelpItem (tsserver.js:106715:95)
    at tsserver.js:106688:79
    at Array.map (<anonymous>)
    at createSignatureHelpItems (tsserver.js:106688:36)
    at tsserver.js:106293:23
    at Object.runWithCancellationToken (tsserver.js:31444:28)
    at Object.getSignatureHelpItems (tsserver.js:106291:32)
    at Object.getSignatureHelpItems (tsserver.js:121081:37)
    at IOSession.Session.getSignatureHelpItems (tsserver.js:130027:62)
    at Session.handlers.ts.createMapFromTemplate._a.(anonymous function) (tsserver.js:128933:61)
    at tsserver.js:130454:88
    at IOSession.Session.executeWithRequestId (tsserver.js:130445:28)
    at IOSession.Session.executeCommand (tsserver.js:130454:33)
    at IOSession.Session.onMessage (tsserver.js:130476:35)
    at Interface.<anonymous> (tsserver.js:131773:27)
    at Interface.emit (events.js:182:13)
    at Interface._onLine (readline.js:290:10)
    at Interface._normalWrite (readline.js:433:12)
    at Socket.ondata (readline.js:149:10)
    at Socket.emit (events.js:182:13)
    at addChunk (_stream_readable.js:279:12)
    at readableAddChunk (_stream_readable.js:264:11)
    at Socket.Readable.push (_stream_readable.js:219:10)
    at Pipe.onread (net.js:636:20)
	at Function.create (/usr/share/code/resources/app/extensions/typescript-language-features/dist/extension.js:1:174464)
	at v.dispatchResponse (/usr/share/code/resources/app/extensions/typescript-language-features/dist/extension.js:1:179770)
	at v.dispatchMessage (/usr/share/code/resources/app/extensions/typescript-language-features/dist/extension.js:1:178522)
	at constructor._reader.onData.e (/usr/share/code/resources/app/extensions/typescript-language-features/dist/extension.js:1:177878)
	at u.fire (/usr/share/code/resources/app/out/vs/workbench/services/extensions/node/extensionHostProcess.js:44:708)
	at t.Reader.onLengthData (/usr/share/code/resources/app/extensions/typescript-language-features/dist/extension.js:1:183738)
	at Socket.t.Reader.constructor.e.on.e (/usr/share/code/resources/app/extensions/typescript-language-features/dist/extension.js:1:183386)
	at Socket.emit (events.js:182:13)
	at addChunk (_stream_readable.js:279:12)
	at readableAddChunk (_stream_readable.js:264:11)
	at Socket.Readable.push (_stream_readable.js:219:10)
	at Pipe.onread (net.js:636:20)
[2019-08-25 03:37:54.347] [exthost] [info] ExtensionService#_doActivateExtension formulahendry.code-runner {"startup":false,"activationEvent":"onCommand:code-runner.run"}
[2019-08-25 03:37:54.347] [exthost] [info] ExtensionService#loadCommonJSModule /home/geovani/.vscode/extensions/formulahendry.code-runner-0.9.10/out/src/extension
