Initializing document watcher...
Detected change in configuration: {}
Detected change in configuration: {}
desafio02/src/routes.js: {}
desafio02/src/routes.js: {}
desafio02/src/routes.js: {}
desafio02/src/routes.js: {}
desafio02/~/.vscode-root/User/settings.json: {}
desafio02/~/.vscode-root/User/settings.json: {}
desafio02/~/.vscode-root/User/settings.json: Using EditorConfig core...
Detected change in configuration: {}
desafio02/~/.vscode-root/User/settings.json: {}
desafio02/~/.vscode-root/User/settings.json: {}
desafio02/~/.vscode-root/User/settings.json: Using EditorConfig core...
Detected change in configuration: {}
desafio02/~/.vscode-root/User/settings.json: Using EditorConfig core...
Detected change in configuration: {}
desafio02/~/.vscode-root/User/settings.json: Using EditorConfig core...
Detected change in configuration: {}
desafio02/~/.vscode-root/User/settings.json: Using EditorConfig core...
Detected change in configuration: {}
desafio02/~/.vscode-root/User/settings.json: {}
desafio02/src/app.js: {}
desafio02/src/routes.js: {}
desafio02/src/routes.js: Using EditorConfig core...
desafio02/src/app.js: {}
desafio02/src/app.js: Using EditorConfig core...
desafio02/src/routes.js: {}
desafio02/src/routes.js: Using EditorConfig core...
desafio02/src/app.js: {}
desafio02/~/.vscode-root/User/settings.json: {}
desafio02/~/.vscode-root/User/settings.json: {}
desafio02/~/.vscode-root/User/settings.json: {}
desafio02/~/.vscode-root/User/settings.json: Using EditorConfig core...
Detected change in configuration: {}
desafio02/~/.vscode-root/User/settings.json: {}
desafio02/src/app.js: {}
desafio02/.eslintrc.js: {}
/defaultSettings.json: {}
desafio02/src/app.js: {}
/defaultSettings.json: {}
desafio02/src/app.js: {}
desafio02/~/.vscode-root/User/settings.json: {}
desafio02/~/.vscode-root/User/settings.json: {}
desafio02/~/.vscode-root/User/settings.json: Using EditorConfig core...
Detected change in configuration: {}
desafio02/~/.vscode-root/User/settings.json: {}
desafio02/src/app.js: {}
desafio02/src/app.js: {}
desafio02/.eslintrc.js: {}
desafio02/.eslintrc.js: Using EditorConfig core...
desafio02/src/app.js: {}
desafio02/src/app.js: Using EditorConfig core...
desafio02/src/app.js: Using EditorConfig core...
desafio02/src/app.js: {}
desafio02/.eslintrc.js: {}
desafio02/.eslintrc.js: Using EditorConfig core...
desafio02/src/app.js: {}
desafio02/src/app.js: {}
desafio02/src/app.js: {}
desafio02/src/app.js: {}
desafio02/.eslintrc.js: {}
desafio02/.eslintrc.js: Using EditorConfig core...
desafio02/.eslintrc.js: Using EditorConfig core...
desafio02/.eslintrc.js: {}
desafio02/.eslintrc.js: Using EditorConfig core...
desafio02/src/app.js: {}
desafio02/.eslintrc.js: {}
desafio02/.prettierrc: {}
desafio02/.prettierrc: Using EditorConfig core...
desafio02/.eslintrc.js: {}
desafio02/src/app.js: {}
desafio02/src/app.js: Using EditorConfig core...
desafio02/src/app.js: Using EditorConfig core...
desafio02/src/routes.js: {}
desafio02/src/routes.js: Using EditorConfig core...
desafio02/src/routes.js: Using EditorConfig core...
desafio02/src/app.js: {}
desafio02/src/server.js: {}
desafio02/src/server.js: Using EditorConfig core...
desafio02/src/server.js: {}
desafio02/.editorconfig: {"insertSpaces":true,"tabSize":4}
desafio02/.editorconfig: Using EditorConfig core...
.editorconfig file saved.
Detected change in configuration: {}
desafio02/src/server.js: {"insertSpaces":true,"tabSize":4}
desafio02/src/server.js: {"insertSpaces":true,"tabSize":4}
desafio02/src/server.js: {"insertSpaces":true,"tabSize":4}
desafio02/src/server.js: {"insertSpaces":true,"tabSize":4}
desafio02/src/server.js: {"insertSpaces":true,"tabSize":4}
desafio02/src/server.js: {"insertSpaces":true,"tabSize":4}
desafio02/src/config/database.js: {"insertSpaces":true,"tabSize":4}
desafio02/src/config/database.js: {"insertSpaces":true,"tabSize":4}
desafio02/src/config/database.js: {"insertSpaces":true,"tabSize":4}
desafio02/src/config/database.js: {"insertSpaces":true,"tabSize":4}
desafio02/src/config/database.js: {"insertSpaces":true,"tabSize":4}
desafio02/src/config/database.js: {"insertSpaces":true,"tabSize":4}
desafio02/src/config/database.js: {"insertSpaces":true,"tabSize":4}
desafio02/src/config/database.js: {"insertSpaces":true,"tabSize":4}
desafio02/src/config/database.js: {"insertSpaces":true,"tabSize":4}
desafio02/.sequelizerc: {"insertSpaces":true,"tabSize":4}
desafio02/.sequelizerc: {"insertSpaces":true,"tabSize":4}
desafio02/.sequelizerc: {"insertSpaces":true,"tabSize":4}
desafio02/.sequelizerc: {"insertSpaces":true,"tabSize":4}
desafio02/.sequelizerc: {"insertSpaces":true,"tabSize":4}
desafio02/.sequelizerc: Using EditorConfig core...
.sequelizerc: editor.action.trimTrailingWhitespace
.sequelizerc: insertFinalNewline(LF)
desafio02/.sequelizerc: {"insertSpaces":true,"tabSize":4}
desafio02/.sequelizerc: {"insertSpaces":true,"tabSize":4}
desafio02/src/app.js: {"insertSpaces":true,"tabSize":4}
desafio02/src/app.js: Using EditorConfig core...
src/app.js: editor.action.trimTrailingWhitespace
desafio02/src/config/database.js: {"insertSpaces":true,"tabSize":4}
desafio02/src/config/database.js: {"insertSpaces":true,"tabSize":4}
desafio02/src/config/database.js: Using EditorConfig core...
src/config/database.js: editor.action.trimTrailingWhitespace
src/config/database.js: insertFinalNewline(LF)
desafio02/src/config/database.js: {"insertSpaces":true,"tabSize":4}
desafio02/src/config/database.js: {"insertSpaces":true,"tabSize":4}
desafio02/src/config/database.js: {"insertSpaces":true,"tabSize":4}
desafio02/src/config/database.js: {"insertSpaces":true,"tabSize":4}
