Initializing document watcher...
Detected change in configuration: {}
Detected change in configuration: {}
Detected change in configuration: {}
desafio02/src/app.js: {}
desafio02/src/server.js: {}
desafio02/src/routes.js: {}
desafio02/src/app.js: {}
desafio02/src/app.js: Using EditorConfig core...
desafio02/package.json: {}
desafio02/src/app.js: {}
desafio02/src/app.js: {}
desafio02/src/app.js: Using EditorConfig core...
desafio02/src/app.js: {}
desafio02/src/app.js: Using EditorConfig core...
desafio02/src/app.js: Using EditorConfig core...
desafio02/src/app.js: {}
desafio02/src/app.js: {}
desafio02/src/app.js: Using EditorConfig core...
desafio02/src/app.js: Using EditorConfig core...
desafio02/src/app.js: Using EditorConfig core...
desafio02/src/app.js: Using EditorConfig core...
desafio02/src/app.js: {}
desafio02/src/app.js: {}
desafio02/src/app.js: Using EditorConfig core...
desafio02/src/server.js: {}
desafio02/src/server.js: Using EditorConfig core...
desafio02/src/app.js: {}
desafio02/src/server.js: {}
desafio02/src/server.js: Using EditorConfig core...
desafio02/src/server.js: {}
desafio02/src/server.js: Using EditorConfig core...
desafio02/src/server.js: {}
desafio02/src/server.js: Using EditorConfig core...
desafio02/src/app.js: {}
desafio02/src/app.js: Using EditorConfig core...
desafio02/src/server.js: {}
desafio02/src/server.js: {}
desafio02/src/app.js: {}
desafio02/src/app.js: Using EditorConfig core...
desafio02/src/server.js: {}
desafio02/src/server.js: {}
desafio02/src/app.js: {}
desafio02/src/app.js: {}
desafio02/src/app.js: Using EditorConfig core...
desafio02/src/app.js: Using EditorConfig core...
desafio02/src/server.js: {}
desafio02/src/app.js: {}
desafio02/src/routes.js: {}
desafio02/src/server.js: {}
desafio02/src/routes.js: {}
desafio02/src/routes.js: {}
desafio02/src/routes.js: Using EditorConfig core...
desafio02/src/routes.js: {}
desafio02/src/routes.js: {}
desafio02/src/routes.js: {}
desafio02/src/routes.js: Using EditorConfig core...
desafio02/src/routes.js: Using EditorConfig core...
desafio02/src/routes.js: {}
desafio02/src/routes.js: {}
desafio02/src/routes.js: {}
desafio02/src/routes.js: Using EditorConfig core...
desafio02/src/routes.js: {}
desafio02/src/routes.js: {}
desafio02/src/routes.js: {}
desafio02/src/routes.js: Using EditorConfig core...
desafio02/src/routes.js: {}
desafio02/src/routes.js: Using EditorConfig core...
desafio02/src/routes.js: Using EditorConfig core...
desafio02/src/app.js: {}
desafio02/src/app.js: Using EditorConfig core...
desafio02/src/server.js: {}
desafio02/src/app.js: {}
desafio02/src/routes.js: {}
desafio02/src/routes.js: Using EditorConfig core...
desafio02/src/routes.js: Using EditorConfig core...
desafio02/src/routes.js: {}
desafio02/src/routes.js: Using EditorConfig core...
desafio02/src/routes.js: Using EditorConfig core...
desafio02/src/routes.js: {}
desafio02/src/routes.js: Using EditorConfig core...
desafio02/src/routes.js: {}
desafio02/src/routes.js: {}
desafio02/src/routes.js: Using EditorConfig core...
desafio02/src/routes.js: {}
desafio02/src/routes.js: Using EditorConfig core...
desafio02/src/routes.js: {}
desafio02/src/routes.js: {}
desafio02/src/server.js: {}
desafio02/src/app.js: {}
desafio02/src/server.js: {}
desafio02/src/routes.js: {}
desafio02/src/routes.js: Using EditorConfig core...
desafio02/src/routes.js: {}
desafio02/src/routes.js: {}
desafio02/src/routes.js: {}
desafio02/src/routes.js: {}
desafio02/src/routes.js: {}
desafio02/src/routes.js: {}
desafio02/src/routes.js: {}
desafio02/src/routes.js: {}
desafio02/src/routes.js: Using EditorConfig core...
desafio02/src/routes.js: Using EditorConfig core...
desafio02/src/app.js: {}
desafio02/src/app.js: {}
desafio02/src/server.js: {}
desafio02/src/server.js: Using EditorConfig core...
desafio02/src/app.js: {}
desafio02/src/routes.js: {}
desafio02/src/server.js: {}
desafio02/src/server.js: {}
desafio02/src/app.js: {}
desafio02/src/app.js: {}
desafio02/src/app.js: Using EditorConfig core...
desafio02/src/app.js: {}
desafio02/src/app.js: {}
desafio02/src/app.js: {}
desafio02/src/app.js: {}
desafio02/src/server.js: {}
desafio02/src/app.js: {}
desafio02/src/app.js: {}
desafio02/src/app.js: {}
desafio02/src/app.js: Using EditorConfig core...
desafio02/src/app.js: {}
desafio02/src/server.js: {}
desafio02/src/server.js: {}
desafio02/src/app.js: {}
desafio02/src/app.js: {}
desafio02/src/app.js: {}
desafio02/src/routes.js: {}
desafio02/src/routes.js: Using EditorConfig core...
desafio02/src/routes.js: Using EditorConfig core...
desafio02/src/routes.js: {}
desafio02/src/routes.js: Using EditorConfig core...
desafio02/src/routes.js: Using EditorConfig core...
desafio02/src/routes.js: Using EditorConfig core...
desafio02/src/routes.js: Using EditorConfig core...
desafio02/src/app.js: {}
desafio02/src/app.js: {}
desafio02/src/app.js: {}
desafio02/src/app.js: Using EditorConfig core...
desafio02/src/app.js: {}
desafio02/src/app.js: Using EditorConfig core...
desafio02/src/app.js: Using EditorConfig core...
desafio02/src/app.js: {}
desafio02/src/app.js: {}
desafio02/src/server.js: {}
desafio02/src/routes.js: {}
desafio02/src/routes.js: Using EditorConfig core...
desafio02/src/routes.js: {}
desafio02/src/routes.js: {}
desafio02/src/routes.js: {}
desafio02/src/routes.js: {}
desafio02/src/app.js: {}
desafio02/src/app.js: {}
desafio02/src/app.js: {}
desafio02/src/app.js: Using EditorConfig core...
desafio02/src/app.js: Using EditorConfig core...
desafio02/src/app.js: {}
desafio02/src/routes.js: {}
desafio02/src/routes.js: Using EditorConfig core...
desafio02/src/routes.js: {}
desafio02/src/routes.js: {}
desafio02/src/routes.js: Using EditorConfig core...
desafio02/src/routes.js: {}
desafio02/src/routes.js: Using EditorConfig core...
desafio02/src/server.js: {}
desafio02/src/server.js: Using EditorConfig core...
desafio02/src/app.js: {}
desafio02/src/app.js: Using EditorConfig core...
desafio02/package.json: {}
desafio02/package.json: Using EditorConfig core...
desafio02/package.json: {}
desafio02/nodemon.json: {}
desafio02/nodemon.json: {}
desafio02/nodemon.json: {}
desafio02/nodemon.json: {}
desafio02/src/server.js: {}
desafio02/src/server.js: Using EditorConfig core...
desafio02/nodemon.json: {}
desafio02/nodemon.json: Using EditorConfig core...
desafio02/nodemon.json: {}
desafio02/package.json: {}
desafio02/package.json: {}
desafio02/package.json: Using EditorConfig core...
desafio02/package.json: Using EditorConfig core...
desafio02/package.json: Using EditorConfig core...
desafio02/src/routes.js: {}
desafio02/src/app.js: {}
desafio02/src/server.js: {}
desafio02/src/server.js: {}
desafio02/src/routes.js: {}
desafio02/src/routes.js: Using EditorConfig core...
desafio02/src/routes.js: Using EditorConfig core...
desafio02/src/routes.js: Using EditorConfig core...
desafio02/src/routes.js: Using EditorConfig core...
desafio02/src/routes.js: Using EditorConfig core...
desafio02/src/routes.js: Using EditorConfig core...
desafio02/src/app.js: {}
desafio02/src/app.js: {}
desafio02/src/routes.js: {}
desafio02/src/app.js: {}
desafio02/src/app.js: {}
desafio02/src/routes.js: {}
desafio02/src/routes.js: {}
desafio02/src/routes.js: Using EditorConfig core...
desafio02/src/routes.js: Using EditorConfig core...
desafio02/src/routes.js: Using EditorConfig core...
desafio02/src/routes.js: Using EditorConfig core...
desafio02/src/routes.js: Using EditorConfig core...
desafio02/src/routes.js: Using EditorConfig core...
desafio02/src/routes.js: Using EditorConfig core...
desafio02/src/routes.js: Using EditorConfig core...
desafio02/src/routes.js: Using EditorConfig core...
desafio02/src/routes.js: Using EditorConfig core...
desafio02/src/routes.js: Using EditorConfig core...
desafio02/src/routes.js: Using EditorConfig core...
desafio02/src/routes.js: {}
desafio02/src/app.js: {}
desafio02/src/app.js: {}
desafio02/src/server.js: {}
desafio02/src/server.js: {}
desafio02/src/routes.js: {}
desafio02/src/routes.js: {}
desafio02/src/server.js: {}
desafio02/src/server.js: {}
desafio02/src/routes.js: {}
desafio02/src/app.js: {}
desafio02/src/app.js: {}
desafio02/src/server.js: {}
desafio02/src/server.js: {}
desafio02/src/routes.js: {}
desafio02/src/routes.js: Using EditorConfig core...
desafio02/src/routes.js: Using EditorConfig core...
desafio02/src/routes.js: Using EditorConfig core...
desafio02/src/routes.js: Using EditorConfig core...
desafio02/src/app.js: {}
desafio02/src/app.js: Using EditorConfig core...
desafio02/src/app.js: Using EditorConfig core...
desafio02/src/app.js: Using EditorConfig core...
desafio02/src/server.js: {}
desafio02/nodemon.json: {}
desafio02/package.json: {}
desafio02/src/routes.js: {}
desafio02/src/routes.js: Using EditorConfig core...
desafio02/src/routes.js: Using EditorConfig core...
desafio02/src/app.js: {}
desafio02/src/app.js: Using EditorConfig core...
desafio02/src/server.js: {}
desafio02/src/routes.js: {}
desafio02/src/routes.js: {}
desafio02/src/routes.js: {}
desafio02/src/routes.js: {}
desafio02/src/routes.js: {}
desafio02/src/routes.js: {}
desafio02/src/routes.js: {}
desafio02/src/routes.js: {}
desafio02/src/routes.js: {}
desafio02/src/routes.js: {}
desafio02/src/routes.js: {}
desafio02/src/routes.js: {}
desafio02/src/routes.js: {}
desafio02/src/routes.js: {}
desafio02/src/routes.js: {}
desafio02/src/routes.js: {}
desafio02/src/routes.js: {}
desafio02/src/routes.js: {}
desafio02/src/routes.js: {}
desafio02/.eslintrc.js: {}
desafio02/src/app.js: {}
desafio02/package.json: {}
desafio02/src/server.js: {}
desafio02/src/app.js: {}
desafio02/src/app.js: Using EditorConfig core...
desafio02/src/app.js: Using EditorConfig core...
desafio02/yarn.lock: {}
desafio02/package.json: {}
desafio02/package.json: {}
desafio02/src/routes.js: {}
desafio02/src/routes.js: Using EditorConfig core...
desafio02/src/routes.js: Using EditorConfig core...
desafio02/src/routes.js: Using EditorConfig core...
desafio02/src/routes.js: Using EditorConfig core...
desafio02/src/routes.js: Using EditorConfig core...
desafio02/src/routes.js: Using EditorConfig core...
desafio02/src/routes.js: Using EditorConfig core...
desafio02/.eslintrc.js: {}
