[2019-08-24 21:43:02.476] [sharedprocess] [info] main {"machineId":"3e72c780742bcdc496db0f43b204d11149eb1bc9c464fa5a642dc5067af224ca"}
[2019-08-24 21:43:02.790] [sharedprocess] [info] Scanned user extensions: 14
[2019-08-24 21:43:02.807] [sharedprocess] [info] vscode-icons-team.vscode-icons 9.2.0 Running post uninstall script
[2019-08-24 21:43:02.856] [sharedprocess] [info] Scanned user extensions: 14
[2019-08-24 21:43:02.991] [sharedprocess] [error] vscode-icons-team.vscode-icons 9.2.0 post-uninstall internal/modules/cjs/loader.js:604
    throw err;
    ^

Error: Cannot find module '/home/geovani/.vscode/extensions/vscode-icons-team.vscode-icons-9.2.0/out/src/uninstall.js'
    at Function.Module._resolveFilename (internal/modules/cjs/loader.js:602:15)
    at Function.Module._load (internal/modules/cjs/loader.js:528:25)
    at Function.Module.runMain (internal/modules/cjs/loader.js:753:10)
    at startup (internal/bootstrap/node.js:241:19)
    at bootstrapNodeJSCore (internal/bootstrap/node.js:579:3)

[2019-08-24 21:43:02.994] [sharedprocess] [error] vscode-icons-team.vscode-icons 9.2.0 Failed to run post uninstall script: post-uninstall process exited with code 1
[2019-08-24 21:43:05.145] [sharedprocess] [info] Scanned user extensions: 14
[2019-08-24 21:43:05.666] [sharedprocess] [info] Deleted from disk vscode-icons-team.vscode-icons /home/geovani/.vscode/extensions/vscode-icons-team.vscode-icons-9.2.0
[2019-08-24 21:43:05.678] [sharedprocess] [info] Scanned system extensions: 72
[2019-08-24 21:43:05.679] [sharedprocess] [info] Scanned user extensions: 14
[2019-08-24 21:43:05.688] [sharedprocess] [info] Scanned system extensions: 72
[2019-08-24 21:43:05.694] [sharedprocess] [info] Scanned system extensions: 72
[2019-08-24 21:43:05.701] [sharedprocess] [info] Deleted from disk esbenp.prettier-vscode /home/geovani/.vscode/extensions/esbenp.prettier-vscode-1.9.0
[2019-08-24 21:43:05.705] [sharedprocess] [info] Scanned user extensions: 14
[2019-08-24 21:43:05.710] [sharedprocess] [info] Scanned user extensions: 14
[2019-08-24 21:43:07.828] [sharedprocess] [info] Installing extension: esbenp.prettier-vscode
[2019-08-24 21:43:07.838] [sharedprocess] [info] Scanned user extensions: 14
[2019-08-24 21:43:13.128] [sharedprocess] [info] Downloaded extension: esbenp.prettier-vscode /tmp/2f688315-8dc6-40b9-8273-cdbd14aacf21
[2019-08-24 21:43:21.469] [sharedprocess] [info] Extracted extension to /home/geovani/.vscode/extensions/.esbenp.prettier-vscode-2.1.0: esbenp.prettier-vscode
[2019-08-24 21:43:21.469] [sharedprocess] [info] Renamed to /home/geovani/.vscode/extensions/esbenp.prettier-vscode-2.1.0
[2019-08-24 21:43:21.470] [sharedprocess] [info] Installation completed. esbenp.prettier-vscode
[2019-08-24 21:43:22.287] [sharedprocess] [info] Extensions installed successfully: esbenp.prettier-vscode
[2019-08-24 21:43:42.505] [sharedprocess] [info] Starting to clean up unused language packs.
[2019-08-24 21:48:05.777] [sharedprocess] [info] Scanned user extensions: 14
[2019-08-24 21:53:05.791] [sharedprocess] [info] Scanned user extensions: 14
[2019-08-24 21:58:05.805] [sharedprocess] [info] Scanned user extensions: 14
[2019-08-24 22:03:05.821] [sharedprocess] [info] Scanned user extensions: 14
[2019-08-24 22:08:05.837] [sharedprocess] [info] Scanned user extensions: 14
[2019-08-24 22:13:05.869] [sharedprocess] [info] Scanned user extensions: 14
[2019-08-24 22:18:05.888] [sharedprocess] [info] Scanned user extensions: 14
[2019-08-24 22:23:05.904] [sharedprocess] [info] Scanned user extensions: 14
[2019-08-24 22:28:05.924] [sharedprocess] [info] Scanned user extensions: 14
[2019-08-24 22:33:05.937] [sharedprocess] [info] Scanned user extensions: 14
[2019-08-24 22:38:05.953] [sharedprocess] [info] Scanned user extensions: 14
[2019-08-24 22:43:06.120] [sharedprocess] [info] Scanned user extensions: 14
[2019-08-24 22:48:06.131] [sharedprocess] [info] Scanned user extensions: 14
[2019-08-24 22:53:06.144] [sharedprocess] [info] Scanned user extensions: 14
[2019-08-24 23:33:58.809] [sharedprocess] [info] Scanned user extensions: 14
[2019-08-24 23:38:58.843] [sharedprocess] [info] Scanned user extensions: 14
[2019-08-24 23:43:59.011] [sharedprocess] [info] Scanned user extensions: 14
[2019-08-24 23:48:59.025] [sharedprocess] [info] Scanned user extensions: 14
[2019-08-24 23:53:59.042] [sharedprocess] [info] Scanned user extensions: 14
[2019-08-24 23:58:59.054] [sharedprocess] [info] Scanned user extensions: 14
[2019-08-25 00:03:59.070] [sharedprocess] [info] Scanned user extensions: 14
[2019-08-25 00:08:59.091] [sharedprocess] [info] Scanned user extensions: 14
[2019-08-25 00:13:59.122] [sharedprocess] [info] Scanned user extensions: 14
[2019-08-25 00:18:59.136] [sharedprocess] [info] Scanned user extensions: 14
[2019-08-25 00:23:59.183] [sharedprocess] [info] Scanned user extensions: 14
[2019-08-25 00:28:59.199] [sharedprocess] [info] Scanned user extensions: 14
[2019-08-25 00:30:56.947] [sharedprocess] [info] Scanned user extensions: 14
[2019-08-25 00:30:56.998] [sharedprocess] [info] Scanned user extensions: 14
[2019-08-25 00:30:57.067] [sharedprocess] [info] Scanned user extensions: 14
[2019-08-25 00:30:57.124] [sharedprocess] [info] Scanned user extensions: 14
[2019-08-25 00:30:57.174] [sharedprocess] [info] Scanned system extensions: 72
[2019-08-25 00:30:57.187] [sharedprocess] [info] Scanned system extensions: 72
[2019-08-25 00:30:57.206] [sharedprocess] [info] Scanned system extensions: 72
[2019-08-25 00:32:00.955] [sharedprocess] [info] Scanned user extensions: 14
[2019-08-25 00:32:01.002] [sharedprocess] [info] Scanned user extensions: 14
[2019-08-25 00:32:01.100] [sharedprocess] [info] Scanned user extensions: 14
[2019-08-25 00:32:01.156] [sharedprocess] [info] Scanned user extensions: 14
[2019-08-25 00:32:01.188] [sharedprocess] [info] Scanned system extensions: 72
[2019-08-25 00:32:01.196] [sharedprocess] [info] Scanned system extensions: 72
[2019-08-25 00:32:01.204] [sharedprocess] [info] Scanned system extensions: 72
[2019-08-25 00:32:01.218] [sharedprocess] [info] Scanned system extensions: 72
[2019-08-25 00:32:01.225] [sharedprocess] [info] Scanned user extensions: 14
[2019-08-25 00:32:03.700] [sharedprocess] [info] Scanned user extensions: 14
[2019-08-25 00:37:03.751] [sharedprocess] [info] Scanned user extensions: 14
[2019-08-25 00:42:03.768] [sharedprocess] [info] Scanned user extensions: 14
[2019-08-25 00:47:03.919] [sharedprocess] [info] Scanned user extensions: 14
[2019-08-25 00:52:03.939] [sharedprocess] [info] Scanned user extensions: 14
[2019-08-25 00:57:03.953] [sharedprocess] [info] Scanned user extensions: 14
[2019-08-25 01:02:03.966] [sharedprocess] [info] Scanned user extensions: 14
[2019-08-25 01:07:03.978] [sharedprocess] [info] Scanned user extensions: 14
[2019-08-25 01:12:03.993] [sharedprocess] [info] Scanned user extensions: 14
[2019-08-25 01:17:04.009] [sharedprocess] [info] Scanned user extensions: 14
[2019-08-25 01:22:04.024] [sharedprocess] [info] Scanned user extensions: 14
[2019-08-25 01:27:36.454] [sharedprocess] [info] Scanned user extensions: 14
[2019-08-25 01:27:36.620] [sharedprocess] [info] Scanned system extensions: 72
[2019-08-25 01:27:39.076] [sharedprocess] [info] Scanned user extensions: 14
[2019-08-25 01:32:39.103] [sharedprocess] [info] Scanned user extensions: 14
[2019-08-25 01:37:39.132] [sharedprocess] [info] Scanned user extensions: 14
[2019-08-25 01:42:39.149] [sharedprocess] [info] Scanned user extensions: 14
[2019-08-25 01:47:39.314] [sharedprocess] [info] Scanned user extensions: 14
[2019-08-25 01:52:39.328] [sharedprocess] [info] Scanned user extensions: 14
[2019-08-25 01:57:39.346] [sharedprocess] [info] Scanned user extensions: 14
[2019-08-25 02:02:39.365] [sharedprocess] [info] Scanned user extensions: 14
[2019-08-25 02:07:39.419] [sharedprocess] [info] Scanned user extensions: 14
[2019-08-25 02:12:39.437] [sharedprocess] [info] Scanned user extensions: 14
[2019-08-25 02:17:39.486] [sharedprocess] [info] Scanned user extensions: 14
[2019-08-25 02:22:39.510] [sharedprocess] [info] Scanned user extensions: 14
[2019-08-25 02:27:39.532] [sharedprocess] [info] Scanned user extensions: 14
[2019-08-25 02:32:39.574] [sharedprocess] [info] Scanned user extensions: 14
[2019-08-25 02:37:39.588] [sharedprocess] [info] Scanned user extensions: 14
[2019-08-25 02:42:39.601] [sharedprocess] [info] Scanned user extensions: 14
[2019-08-25 02:47:39.755] [sharedprocess] [info] Scanned user extensions: 14
[2019-08-25 02:52:39.767] [sharedprocess] [info] Scanned user extensions: 14
[2019-08-25 02:57:39.779] [sharedprocess] [info] Scanned user extensions: 14
[2019-08-25 03:02:39.796] [sharedprocess] [info] Scanned user extensions: 14
[2019-08-25 03:07:39.809] [sharedprocess] [info] Scanned user extensions: 14
[2019-08-25 03:12:39.823] [sharedprocess] [info] Scanned user extensions: 14
[2019-08-25 03:17:39.841] [sharedprocess] [info] Scanned user extensions: 14
[2019-08-25 03:22:39.860] [sharedprocess] [info] Scanned user extensions: 14
[2019-08-25 03:27:39.881] [sharedprocess] [info] Scanned user extensions: 14
[2019-08-25 03:32:39.929] [sharedprocess] [info] Scanned user extensions: 14
[2019-08-25 03:37:39.945] [sharedprocess] [info] Scanned user extensions: 14
[2019-08-25 03:42:39.960] [sharedprocess] [info] Scanned user extensions: 14
[2019-08-25 03:47:40.104] [sharedprocess] [info] Scanned user extensions: 14
