Initializing document watcher...
Detected change in configuration: {}
desafio02/src/config/database.js: {"insertSpaces":true,"tabSize":4}
desafio02/src/config/database.js: {"insertSpaces":true,"tabSize":4}
desafio02/src/config/database.js: {"insertSpaces":true,"tabSize":4}
desafio02/src/config/database.js: {"insertSpaces":true,"tabSize":4}
desafio02/src/config/database.js: {"insertSpaces":true,"tabSize":4}
desafio02/src/config/database.js: Using EditorConfig core...
src/config/database.js: editor.action.trimTrailingWhitespace
desafio02/src/config/database.js: {"insertSpaces":true,"tabSize":4}
desafio02/src/config/database.js: {"insertSpaces":true,"tabSize":4}
desafio02/src/database/migrations/20190825043630-create-users.js: {"insertSpaces":true,"tabSize":4}
desafio02/src/database/migrations/20190825043630-create-users.js: {"insertSpaces":true,"tabSize":4}
desafio02/src/database/migrations/20190825043630-create-users.js: {"insertSpaces":true,"tabSize":4}
desafio02/src/database/migrations/20190825043630-create-users.js: Using EditorConfig core...
src/database/migrations/20190825043630-create-users.js: editor.action.trimTrailingWhitespace
desafio02/src/database/migrations/20190825043630-create-users.js: Using EditorConfig core...
src/database/migrations/20190825043630-create-users.js: editor.action.trimTrailingWhitespace
desafio02/src/database/migrations/20190825043630-create-users.js: {"insertSpaces":true,"tabSize":4}
desafio02/src/database/migrations/20190825043630-create-users.js: Using EditorConfig core...
src/database/migrations/20190825043630-create-users.js: editor.action.trimTrailingWhitespace
desafio02/src/database/migrations/20190825043630-create-users.js: Using EditorConfig core...
src/database/migrations/20190825043630-create-users.js: editor.action.trimTrailingWhitespace
desafio02/src/database/migrations/20190825043630-create-users.js: Using EditorConfig core...
src/database/migrations/20190825043630-create-users.js: editor.action.trimTrailingWhitespace
desafio02/src/database/migrations/20190825043630-create-users.js: Using EditorConfig core...
src/database/migrations/20190825043630-create-users.js: editor.action.trimTrailingWhitespace
desafio02/src/database/migrations/20190825043630-create-users.js: Using EditorConfig core...
src/database/migrations/20190825043630-create-users.js: editor.action.trimTrailingWhitespace
desafio02/src/database/migrations/20190825043630-create-users.js: Using EditorConfig core...
src/database/migrations/20190825043630-create-users.js: editor.action.trimTrailingWhitespace
desafio02/src/database/migrations/20190825043630-create-users.js: Using EditorConfig core...
src/database/migrations/20190825043630-create-users.js: editor.action.trimTrailingWhitespace
desafio02/src/database/migrations/20190825043630-create-users.js: {"insertSpaces":true,"tabSize":4}
desafio02/src/database/migrations/20190825043630-create-users.js: {"insertSpaces":true,"tabSize":4}
desafio02/src/config/database.js: {"insertSpaces":true,"tabSize":4}
desafio02/src/config/database.js: Using EditorConfig core...
src/config/database.js: editor.action.trimTrailingWhitespace
desafio02/src/config/database.js: Using EditorConfig core...
src/config/database.js: editor.action.trimTrailingWhitespace
desafio02/src/config/database.js: {"insertSpaces":true,"tabSize":4}
desafio02/src/config/database.js: {"insertSpaces":true,"tabSize":4}
desafio02/src/app/models/Users.js: {"insertSpaces":true,"tabSize":4}
desafio02/src/app/models/Users.js: Using EditorConfig core...
src/app/models/Users.js: editor.action.trimTrailingWhitespace
src/app/models/Users.js: insertFinalNewline(LF)
desafio02/src/app/models/Users.js: Using EditorConfig core...
src/app/models/Users.js: editor.action.trimTrailingWhitespace
desafio02/src/app/models/Users.js: Using EditorConfig core...
src/app/models/Users.js: editor.action.trimTrailingWhitespace
desafio02/src/app/models/Users.js: {"insertSpaces":true,"tabSize":4}
desafio02/src/app/models/Users.js: {"insertSpaces":true,"tabSize":4}
desafio02/src/app/models/Users.js: Using EditorConfig core...
src/app/models/Users.js: editor.action.trimTrailingWhitespace
desafio02/src/app/models/Users.js: {"insertSpaces":true,"tabSize":4}
desafio02/src/app/models/Users.js: {"insertSpaces":true,"tabSize":4}
desafio02/src/app/models/Users.js: {"insertSpaces":true,"tabSize":4}
desafio02/src/app/models/Users.js: Using EditorConfig core...
src/app/models/Users.js: editor.action.trimTrailingWhitespace
desafio02/src/app/models/Users.js: Using EditorConfig core...
src/app/models/Users.js: editor.action.trimTrailingWhitespace
desafio02/src/app/models/Users.js: Using EditorConfig core...
src/app/models/Users.js: editor.action.trimTrailingWhitespace
desafio02/src/app/models/Users.js: Using EditorConfig core...
src/app/models/Users.js: editor.action.trimTrailingWhitespace
desafio02/src/app/models/Users.js: Using EditorConfig core...
src/app/models/Users.js: editor.action.trimTrailingWhitespace
desafio02/src/app/models/Users.js: Using EditorConfig core...
src/app/models/Users.js: editor.action.trimTrailingWhitespace
desafio02/src/app/models/Users.js: Using EditorConfig core...
src/app/models/Users.js: editor.action.trimTrailingWhitespace
desafio02/src/app/models/Users.js: Using EditorConfig core...
src/app/models/Users.js: editor.action.trimTrailingWhitespace
desafio02/src/app/models/Users.js: Using EditorConfig core...
src/app/models/Users.js: editor.action.trimTrailingWhitespace
desafio02/src/app/models/Users.js: Using EditorConfig core...
src/app/models/Users.js: editor.action.trimTrailingWhitespace
desafio02/src/app/models/Users.js: Using EditorConfig core...
src/app/models/Users.js: editor.action.trimTrailingWhitespace
src/app/models/Users.js: insertFinalNewline(LF)
desafio02/src/app/models/Users.js: {"insertSpaces":true,"tabSize":4}
desafio02/src/app/models/Users.js: {"insertSpaces":true,"tabSize":4}
desafio02/src/app/models/Users.js: {"insertSpaces":true,"tabSize":4}
desafio02/src/database/index.js: {"insertSpaces":true,"tabSize":4}
desafio02/src/database/index.js: {"insertSpaces":true,"tabSize":4}
desafio02/src/database/index.js: Using EditorConfig core...
src/database/index.js: editor.action.trimTrailingWhitespace
src/database/index.js: insertFinalNewline(LF)
desafio02/src/database/index.js: Using EditorConfig core...
src/database/index.js: editor.action.trimTrailingWhitespace
desafio02/src/database/index.js: Using EditorConfig core...
src/database/index.js: editor.action.trimTrailingWhitespace
desafio02/src/database/index.js: Using EditorConfig core...
src/database/index.js: editor.action.trimTrailingWhitespace
desafio02/src/database/index.js: Using EditorConfig core...
src/database/index.js: editor.action.trimTrailingWhitespace
desafio02/src/database/index.js: Using EditorConfig core...
src/database/index.js: editor.action.trimTrailingWhitespace
desafio02/src/app/models/Users.js: {"insertSpaces":true,"tabSize":4}
desafio02/src/app/models/User.js: {"insertSpaces":true,"tabSize":4}
desafio02/src/app/models/User.js: Using EditorConfig core...
src/app/models/User.js: editor.action.trimTrailingWhitespace
desafio02/src/app/models/User.js: Using EditorConfig core...
src/app/models/User.js: editor.action.trimTrailingWhitespace
desafio02/src/database/index.js: {"insertSpaces":true,"tabSize":4}
desafio02/src/database/index.js: Using EditorConfig core...
src/database/index.js: editor.action.trimTrailingWhitespace
desafio02/src/database/index.js: Using EditorConfig core...
src/database/index.js: editor.action.trimTrailingWhitespace
desafio02/src/database/index.js: Using EditorConfig core...
src/database/index.js: editor.action.trimTrailingWhitespace
desafio02/src/database/index.js: Using EditorConfig core...
src/database/index.js: editor.action.trimTrailingWhitespace
desafio02/src/database/index.js: Using EditorConfig core...
src/database/index.js: editor.action.trimTrailingWhitespace
desafio02/src/database/index.js: Using EditorConfig core...
src/database/index.js: editor.action.trimTrailingWhitespace
desafio02/src/database/index.js: Using EditorConfig core...
src/database/index.js: editor.action.trimTrailingWhitespace
desafio02/src/database/index.js: {"insertSpaces":true,"tabSize":4}
desafio02/src/database/index.js: {"insertSpaces":true,"tabSize":4}
desafio02/src/database/index.js: Using EditorConfig core...
src/database/index.js: editor.action.trimTrailingWhitespace
desafio02/src/database/index.js: Using EditorConfig core...
src/database/index.js: editor.action.trimTrailingWhitespace
src/database/index.js: insertFinalNewline(LF)
desafio02/src/database/index.js: Using EditorConfig core...
src/database/index.js: editor.action.trimTrailingWhitespace
desafio02/src/database/index.js: Using EditorConfig core...
src/database/index.js: editor.action.trimTrailingWhitespace
desafio02/src/database/index.js: Using EditorConfig core...
src/database/index.js: editor.action.trimTrailingWhitespace
desafio02/src/database/index.js: Using EditorConfig core...
src/database/index.js: editor.action.trimTrailingWhitespace
desafio02/src/database/index.js: {"insertSpaces":true,"tabSize":4}
desafio02/src/routes.js: {"insertSpaces":true,"tabSize":4}
desafio02/src/routes.js: {"insertSpaces":true,"tabSize":4}
desafio02/src/routes.js: {"insertSpaces":true,"tabSize":4}
desafio02/src/app.js: {"insertSpaces":true,"tabSize":4}
desafio02/src/app.js: {"insertSpaces":true,"tabSize":4}
desafio02/src/app.js: {"insertSpaces":true,"tabSize":4}
desafio02/src/app.js: Using EditorConfig core...
src/app.js: editor.action.trimTrailingWhitespace
desafio02/src/app.js: {"insertSpaces":true,"tabSize":4}
desafio02/src/app.js: {"insertSpaces":true,"tabSize":4}
desafio02/src/app.js: {"insertSpaces":true,"tabSize":4}
desafio02/src/app/controllers/UserControllers.js: {"insertSpaces":true,"tabSize":4}
desafio02/src/app/controllers/UserControllers.js: {"insertSpaces":true,"tabSize":4}
desafio02/src/app/controllers/UserControllers.js: {"insertSpaces":true,"tabSize":4}
desafio02/src/app/controllers/UserControllers.js: Using EditorConfig core...
src/app/controllers/UserControllers.js: editor.action.trimTrailingWhitespace
src/app/controllers/UserControllers.js: insertFinalNewline(LF)
desafio02/src/app/controllers/UserControllers.js: {"insertSpaces":true,"tabSize":4}
desafio02/src/app/controllers/UserControllers.js: Using EditorConfig core...
src/app/controllers/UserControllers.js: editor.action.trimTrailingWhitespace
src/app/controllers/UserControllers.js: insertFinalNewline(LF)
desafio02/src/app/controllers/UserControllers.js: Using EditorConfig core...
src/app/controllers/UserControllers.js: editor.action.trimTrailingWhitespace
desafio02/src/app/controllers/UserControllers.js: Using EditorConfig core...
src/app/controllers/UserControllers.js: editor.action.trimTrailingWhitespace
desafio02/src/routes.js: {"insertSpaces":true,"tabSize":4}
desafio02/src/routes.js: Using EditorConfig core...
src/routes.js: editor.action.trimTrailingWhitespace
desafio02/src/routes.js: Using EditorConfig core...
src/routes.js: editor.action.trimTrailingWhitespace
desafio02/src/routes.js: {"insertSpaces":true,"tabSize":4}
desafio02/src/routes.js: {"insertSpaces":true,"tabSize":4}
desafio02/src/config/database.js: {"insertSpaces":true,"tabSize":4}
desafio02/src/routes.js: {"insertSpaces":true,"tabSize":4}
desafio02/src/app/models/User.js: {"insertSpaces":true,"tabSize":4}
desafio02/src/database/migrations/20190825043630-create-users.js: {"insertSpaces":true,"tabSize":4}
desafio02/src/app/models/User.js: {"insertSpaces":true,"tabSize":4}
desafio02/src/database/index.js: {"insertSpaces":true,"tabSize":4}
desafio02/src/app/models/User.js: {"insertSpaces":true,"tabSize":4}
desafio02/src/database/index.js: {"insertSpaces":true,"tabSize":4}
desafio02/src/database/index.js: {"insertSpaces":true,"tabSize":4}
desafio02/src/database/migrations/20190825043630-create-users.js: {"insertSpaces":true,"tabSize":4}
desafio02/src/database/migrations/20190825043630-create-users.js: Using EditorConfig core...
src/database/migrations/20190825043630-create-users.js: editor.action.trimTrailingWhitespace
desafio02/src/database/migrations/20190825043630-create-users.js: {"insertSpaces":true,"tabSize":4}
desafio02/src/database/migrations/20190825043630-create-users.js: {"insertSpaces":true,"tabSize":4}
desafio02/src/database/migrations/20190825043630-create-users.js: {"insertSpaces":true,"tabSize":4}
desafio02/src/database/migrations/20190825043630-create-users.js: {"insertSpaces":true,"tabSize":4}
desafio02/src/database/migrations/20190825043630-create-users.js: {"insertSpaces":true,"tabSize":4}
desafio02/src/database/migrations/20190825043630-create-users.js: {"insertSpaces":true,"tabSize":4}
desafio02/src/database/migrations/20190825043630-create-users.js: {"insertSpaces":true,"tabSize":4}
No more open editors.
desafio02/src/database/index.js: {"insertSpaces":true,"tabSize":4}
desafio02/src/database/migrations/20190825051048-create-users.js: {"insertSpaces":true,"tabSize":4}
desafio02/src/database/migrations/20190825051048-create-users.js: {"insertSpaces":true,"tabSize":4}
desafio02/src/database/migrations/20190825051048-create-users.js: Using EditorConfig core...
src/database/migrations/20190825051048-create-users.js: editor.action.trimTrailingWhitespace
No more open editors.
desafio02/src/database/index.js: {"insertSpaces":true,"tabSize":4}
desafio02/src/database/migrations/20190825051154-create-users.js: {"insertSpaces":true,"tabSize":4}
desafio02/src/database/migrations/20190825051154-create-users.js: Using EditorConfig core...
src/database/migrations/20190825051154-create-users.js: editor.action.trimTrailingWhitespace
desafio02/src/database/migrations/20190825051154-create-users.js: {"insertSpaces":true,"tabSize":4}
desafio02/src/database/migrations/20190825051154-create-users.js: {"insertSpaces":true,"tabSize":4}
desafio02/src/database/migrations/20190825051154-create-users.js: {"insertSpaces":true,"tabSize":4}
desafio02/src/database/migrations/20190825051154-create-users.js: {"insertSpaces":true,"tabSize":4}
desafio02/src/database/migrations/20190825051154-create-users.js: {"insertSpaces":true,"tabSize":4}
desafio02/src/database/migrations/20190825051154-create-users.js: {"insertSpaces":true,"tabSize":4}
desafio02/src/database/migrations/20190825051154-create-users.js: {"insertSpaces":true,"tabSize":4}
desafio02/src/database/migrations/20190825051154-create-users.js: {"insertSpaces":true,"tabSize":4}
desafio02/src/database/migrations/20190825051154-create-users.js: {"insertSpaces":true,"tabSize":4}
desafio02/src/database/index.js: {"insertSpaces":true,"tabSize":4}
desafio02/src/app/controllers/UserControllers.js: {"insertSpaces":true,"tabSize":4}
desafio02/src/app/controllers/UserControllers.js: {"insertSpaces":true,"tabSize":4}
desafio02/src/app/controllers/UserControllers.js: {"insertSpaces":true,"tabSize":4}
desafio02/src/app/controllers/UserControllers.js: Using EditorConfig core...
src/app/controllers/UserControllers.js: editor.action.trimTrailingWhitespace
desafio02/src/app/controllers/UserControllers.js: Using EditorConfig core...
src/app/controllers/UserControllers.js: editor.action.trimTrailingWhitespace
desafio02/src/app/controllers/UserControllers.js: Using EditorConfig core...
src/app/controllers/UserControllers.js: editor.action.trimTrailingWhitespace
desafio02/src/app/controllers/UserControllers.js: {"insertSpaces":true,"tabSize":4}
desafio02/src/app/models/User.js: {"insertSpaces":true,"tabSize":4}
desafio02/src/app/models/User.js: Using EditorConfig core...
src/app/models/User.js: editor.action.trimTrailingWhitespace
desafio02/package.json: {"insertSpaces":true,"tabSize":4}
desafio02/package.json: Using EditorConfig core...
package.json: editor.action.trimTrailingWhitespace
desafio02/src/app/models/User.js: {"insertSpaces":true,"tabSize":4}
desafio02/src/app/models/User.js: Using EditorConfig core...
src/app/models/User.js: editor.action.trimTrailingWhitespace
desafio02/src/app/models/User.js: {"insertSpaces":true,"tabSize":4}
desafio02/src/app/models/User.js: Using EditorConfig core...
src/app/models/User.js: editor.action.trimTrailingWhitespace
desafio02/src/app/models/User.js: Using EditorConfig core...
src/app/models/User.js: editor.action.trimTrailingWhitespace
desafio02/src/app/models/User.js: {"insertSpaces":true,"tabSize":4}
desafio02/src/app/models/User.js: Using EditorConfig core...
src/app/models/User.js: editor.action.trimTrailingWhitespace
desafio02/src/app/models/User.js: {"insertSpaces":true,"tabSize":4}
desafio02/src/app/models/User.js: Using EditorConfig core...
src/app/models/User.js: editor.action.trimTrailingWhitespace
desafio02/src/app/models/User.js: Using EditorConfig core...
src/app/models/User.js: editor.action.trimTrailingWhitespace
desafio02/src/app/models/User.js: Using EditorConfig core...
src/app/models/User.js: editor.action.trimTrailingWhitespace
desafio02/src/app/models/User.js: Using EditorConfig core...
src/app/models/User.js: editor.action.trimTrailingWhitespace
desafio02/src/app/models/User.js: Using EditorConfig core...
src/app/models/User.js: editor.action.trimTrailingWhitespace
desafio02/src/app/models/User.js: {"insertSpaces":true,"tabSize":4}
desafio02/src/app/models/User.js: {"insertSpaces":true,"tabSize":4}
desafio02/src/app/models/User.js: Using EditorConfig core...
src/app/models/User.js: editor.action.trimTrailingWhitespace
desafio02/src/app/models/User.js: {"insertSpaces":true,"tabSize":4}
desafio02/src/app/models/User.js: {"insertSpaces":true,"tabSize":4}
desafio02/src/app/models/User.js: {"insertSpaces":true,"tabSize":4}
desafio02/src/app/models/User.js: {"insertSpaces":true,"tabSize":4}
desafio02/src/app/models/User.js: {"insertSpaces":true,"tabSize":4}
desafio02/src/app/controllers/SessionController.js: {"insertSpaces":true,"tabSize":4}
desafio02/src/app/controllers/SessionController.js: Using EditorConfig core...
src/app/controllers/SessionController.js: editor.action.trimTrailingWhitespace
src/app/controllers/SessionController.js: insertFinalNewline(LF)
desafio02/src/app/controllers/SessionController.js: Using EditorConfig core...
src/app/controllers/SessionController.js: editor.action.trimTrailingWhitespace
desafio02/src/app/controllers/SessionController.js: Using EditorConfig core...
src/app/controllers/SessionController.js: editor.action.trimTrailingWhitespace
desafio02/src/app/controllers/SessionController.js: Using EditorConfig core...
src/app/controllers/SessionController.js: editor.action.trimTrailingWhitespace
desafio02/src/app/controllers/SessionController.js: {"insertSpaces":true,"tabSize":4}
desafio02/src/app/controllers/SessionController.js: Using EditorConfig core...
src/app/controllers/SessionController.js: editor.action.trimTrailingWhitespace
desafio02/src/app/controllers/SessionController.js: Using EditorConfig core...
src/app/controllers/SessionController.js: editor.action.trimTrailingWhitespace
desafio02/src/app/controllers/SessionController.js: Using EditorConfig core...
src/app/controllers/SessionController.js: editor.action.trimTrailingWhitespace
desafio02/src/app/controllers/SessionController.js: Using EditorConfig core...
src/app/controllers/SessionController.js: editor.action.trimTrailingWhitespace
desafio02/src/app/controllers/SessionController.js: Using EditorConfig core...
src/app/controllers/SessionController.js: editor.action.trimTrailingWhitespace
desafio02/src/app/controllers/SessionController.js: Using EditorConfig core...
src/app/controllers/SessionController.js: editor.action.trimTrailingWhitespace
desafio02/src/app/controllers/SessionController.js: Using EditorConfig core...
src/app/controllers/SessionController.js: editor.action.trimTrailingWhitespace
desafio02/src/app/controllers/UserControllers.js: {"insertSpaces":true,"tabSize":4}
desafio02/src/app/controllers/UserControllers.js: {"insertSpaces":true,"tabSize":4}
desafio02/src/app/controllers/SessionController.js: {"insertSpaces":true,"tabSize":4}
desafio02/src/app/models/User.js: {"insertSpaces":true,"tabSize":4}
desafio02/src/app/models/User.js: Using EditorConfig core...
src/app/models/User.js: editor.action.trimTrailingWhitespace
desafio02/src/app/models/User.js: Using EditorConfig core...
src/app/models/User.js: editor.action.trimTrailingWhitespace
desafio02/src/app/controllers/SessionController.js: {"insertSpaces":true,"tabSize":4}
desafio02/src/app/controllers/SessionController.js: {"insertSpaces":true,"tabSize":4}
desafio02/src/app/controllers/SessionController.js: Using EditorConfig core...
src/app/controllers/SessionController.js: editor.action.trimTrailingWhitespace
desafio02/src/app/controllers/SessionController.js: Using EditorConfig core...
src/app/controllers/SessionController.js: editor.action.trimTrailingWhitespace
desafio02/src/app/controllers/SessionController.js: {"insertSpaces":true,"tabSize":4}
desafio02/src/app/controllers/SessionController.js: {"insertSpaces":true,"tabSize":4}
desafio02/src/app/controllers/SessionController.js: {"insertSpaces":true,"tabSize":4}
desafio02/src/app/controllers/SessionController.js: Using EditorConfig core...
src/app/controllers/SessionController.js: editor.action.trimTrailingWhitespace
desafio02/src/app/controllers/SessionController.js: Using EditorConfig core...
src/app/controllers/SessionController.js: editor.action.trimTrailingWhitespace
desafio02/src/app/controllers/SessionController.js: Using EditorConfig core...
src/app/controllers/SessionController.js: editor.action.trimTrailingWhitespace
desafio02/src/config/auth.js: {"insertSpaces":true,"tabSize":4}
desafio02/src/config/auth.js: Using EditorConfig core...
src/config/auth.js: editor.action.trimTrailingWhitespace
src/config/auth.js: insertFinalNewline(LF)
desafio02/src/config/auth.js: {"insertSpaces":true,"tabSize":4}
desafio02/src/config/auth.js: Using EditorConfig core...
src/config/auth.js: editor.action.trimTrailingWhitespace
desafio02/src/config/auth.js: Using EditorConfig core...
src/config/auth.js: editor.action.trimTrailingWhitespace
desafio02/src/app/controllers/SessionController.js: {"insertSpaces":true,"tabSize":4}
desafio02/src/app/controllers/SessionController.js: {"insertSpaces":true,"tabSize":4}
desafio02/src/app/controllers/SessionController.js: Using EditorConfig core...
src/app/controllers/SessionController.js: editor.action.trimTrailingWhitespace
desafio02/src/app/controllers/SessionController.js: Using EditorConfig core...
src/app/controllers/SessionController.js: editor.action.trimTrailingWhitespace
desafio02/src/app/controllers/SessionController.js: Using EditorConfig core...
src/app/controllers/SessionController.js: editor.action.trimTrailingWhitespace
desafio02/src/app/controllers/SessionController.js: Using EditorConfig core...
src/app/controllers/SessionController.js: editor.action.trimTrailingWhitespace
desafio02/src/app/controllers/SessionController.js: Using EditorConfig core...
src/app/controllers/SessionController.js: editor.action.trimTrailingWhitespace
desafio02/src/app/controllers/SessionController.js: Using EditorConfig core...
src/app/controllers/SessionController.js: editor.action.trimTrailingWhitespace
desafio02/src/app/controllers/SessionController.js: {"insertSpaces":true,"tabSize":4}
desafio02/src/app/controllers/SessionController.js: {"insertSpaces":true,"tabSize":4}
desafio02/src/routes.js: {"insertSpaces":true,"tabSize":4}
desafio02/src/routes.js: Using EditorConfig core...
src/routes.js: editor.action.trimTrailingWhitespace
desafio02/src/routes.js: Using EditorConfig core...
src/routes.js: editor.action.trimTrailingWhitespace
desafio02/src/routes.js: {"insertSpaces":true,"tabSize":4}
desafio02/src/routes.js: {"insertSpaces":true,"tabSize":4}
desafio02/src/routes.js: Using EditorConfig core...
src/routes.js: editor.action.trimTrailingWhitespace
desafio02/src/app/controllers/SessionController.js: {"insertSpaces":true,"tabSize":4}
desafio02/src/app/controllers/SessionController.js: {"insertSpaces":true,"tabSize":4}
desafio02/src/app/controllers/SessionController.js: Using EditorConfig core...
src/app/controllers/SessionController.js: editor.action.trimTrailingWhitespace
desafio02/src/app/controllers/SessionController.js: {"insertSpaces":true,"tabSize":4}
desafio02/src/routes.js: {"insertSpaces":true,"tabSize":4}
desafio02/src/routes.js: Using EditorConfig core...
src/routes.js: editor.action.trimTrailingWhitespace
desafio02/src/app/controllers/SessionController.js: {"insertSpaces":true,"tabSize":4}
desafio02/src/app/controllers/SessionController.js: Using EditorConfig core...
src/app/controllers/SessionController.js: editor.action.trimTrailingWhitespace
desafio02/src/app/controllers/UserControllers.js: {"insertSpaces":true,"tabSize":4}
desafio02/src/app/controllers/UserControllers.js: Using EditorConfig core...
src/app/controllers/UserControllers.js: editor.action.trimTrailingWhitespace
desafio02/src/routes.js: {"insertSpaces":true,"tabSize":4}
desafio02/src/app/controllers/UserControllers.js: {"insertSpaces":true,"tabSize":4}
desafio02/src/app/controllers/UserControllers.js: {"insertSpaces":true,"tabSize":4}
desafio02/src/app/middlewares/auth.js: {"insertSpaces":true,"tabSize":4}
desafio02/src/app/middlewares/auth.js: {"insertSpaces":true,"tabSize":4}
desafio02/src/app/middlewares/auth.js: Using EditorConfig core...
src/app/middlewares/auth.js: editor.action.trimTrailingWhitespace
src/app/middlewares/auth.js: insertFinalNewline(LF)
desafio02/src/app/middlewares/auth.js: Using EditorConfig core...
src/app/middlewares/auth.js: editor.action.trimTrailingWhitespace
src/app/middlewares/auth.js: insertFinalNewline(LF)
desafio02/src/app/middlewares/auth.js: Using EditorConfig core...
src/app/middlewares/auth.js: editor.action.trimTrailingWhitespace
desafio02/src/app/controllers/UserControllers.js: {"insertSpaces":true,"tabSize":4}
desafio02/src/routes.js: {"insertSpaces":true,"tabSize":4}
desafio02/src/routes.js: {"insertSpaces":true,"tabSize":4}
desafio02/src/routes.js: Using EditorConfig core...
src/routes.js: editor.action.trimTrailingWhitespace
desafio02/src/app/middlewares/auth.js: {"insertSpaces":true,"tabSize":4}
desafio02/src/app/middlewares/auth.js: Using EditorConfig core...
src/app/middlewares/auth.js: editor.action.trimTrailingWhitespace
desafio02/src/app/middlewares/auth.js: {"insertSpaces":true,"tabSize":4}
desafio02/src/app/middlewares/auth.js: {"insertSpaces":true,"tabSize":4}
desafio02/src/app/middlewares/auth.js: Using EditorConfig core...
src/app/middlewares/auth.js: editor.action.trimTrailingWhitespace
desafio02/src/app/middlewares/auth.js: {"insertSpaces":true,"tabSize":4}
desafio02/src/app/middlewares/auth.js: {"insertSpaces":true,"tabSize":4}
desafio02/src/app/middlewares/auth.js: Using EditorConfig core...
src/app/middlewares/auth.js: editor.action.trimTrailingWhitespace
desafio02/src/app/middlewares/auth.js: Using EditorConfig core...
src/app/middlewares/auth.js: editor.action.trimTrailingWhitespace
desafio02/src/app/middlewares/auth.js: Using EditorConfig core...
src/app/middlewares/auth.js: editor.action.trimTrailingWhitespace
desafio02/src/app/middlewares/auth.js: Using EditorConfig core...
src/app/middlewares/auth.js: editor.action.trimTrailingWhitespace
desafio02/src/app/middlewares/auth.js: Using EditorConfig core...
src/app/middlewares/auth.js: editor.action.trimTrailingWhitespace
desafio02/src/app/middlewares/auth.js: Using EditorConfig core...
src/app/middlewares/auth.js: editor.action.trimTrailingWhitespace
desafio02/src/app/middlewares/auth.js: Using EditorConfig core...
src/app/middlewares/auth.js: editor.action.trimTrailingWhitespace
desafio02/src/app/middlewares/auth.js: Using EditorConfig core...
src/app/middlewares/auth.js: editor.action.trimTrailingWhitespace
desafio02/src/config/auth.js: {"insertSpaces":true,"tabSize":4}
desafio02/src/app/middlewares/auth.js: {"insertSpaces":true,"tabSize":4}
desafio02/src/app/middlewares/auth.js: Using EditorConfig core...
src/app/middlewares/auth.js: editor.action.trimTrailingWhitespace
desafio02/src/app/middlewares/auth.js: Using EditorConfig core...
src/app/middlewares/auth.js: editor.action.trimTrailingWhitespace
desafio02/src/app/middlewares/auth.js: {"insertSpaces":true,"tabSize":4}
desafio02/src/app/middlewares/auth.js: {"insertSpaces":true,"tabSize":4}
desafio02/src/app/middlewares/auth.js: {"insertSpaces":true,"tabSize":4}
desafio02/src/app/middlewares/auth.js: Using EditorConfig core...
src/app/middlewares/auth.js: editor.action.trimTrailingWhitespace
desafio02/src/app/middlewares/auth.js: {"insertSpaces":true,"tabSize":4}
desafio02/src/app/middlewares/auth.js: Using EditorConfig core...
src/app/middlewares/auth.js: editor.action.trimTrailingWhitespace
desafio02/src/app/middlewares/auth.js: Using EditorConfig core...
src/app/middlewares/auth.js: editor.action.trimTrailingWhitespace
desafio02/src/app/middlewares/auth.js: {"insertSpaces":true,"tabSize":4}
desafio02/src/app/middlewares/auth.js: Using EditorConfig core...
src/app/middlewares/auth.js: editor.action.trimTrailingWhitespace
desafio02/src/app/middlewares/auth.js: {"insertSpaces":true,"tabSize":4}
desafio02/src/app/middlewares/auth.js: Using EditorConfig core...
src/app/middlewares/auth.js: editor.action.trimTrailingWhitespace
desafio02/src/app/middlewares/auth.js: Using EditorConfig core...
src/app/middlewares/auth.js: editor.action.trimTrailingWhitespace
desafio02/src/app/middlewares/auth.js: {"insertSpaces":true,"tabSize":4}
desafio02/src/app/middlewares/auth.js: {"insertSpaces":true,"tabSize":4}
desafio02/src/app/controllers/UserControllers.js: {"insertSpaces":true,"tabSize":4}
desafio02/src/app/controllers/UserControllers.js: {"insertSpaces":true,"tabSize":4}
desafio02/src/app/controllers/UserControllers.js: Using EditorConfig core...
src/app/controllers/UserControllers.js: editor.action.trimTrailingWhitespace
desafio02/src/app/controllers/UserControllers.js: Using EditorConfig core...
src/app/controllers/UserControllers.js: editor.action.trimTrailingWhitespace
desafio02/src/app/controllers/UserControllers.js: Using EditorConfig core...
src/app/controllers/UserControllers.js: editor.action.trimTrailingWhitespace
desafio02/src/app/controllers/UserControllers.js: Using EditorConfig core...
src/app/controllers/UserControllers.js: editor.action.trimTrailingWhitespace
desafio02/src/app/controllers/UserControllers.js: Using EditorConfig core...
src/app/controllers/UserControllers.js: editor.action.trimTrailingWhitespace
desafio02/src/app/controllers/UserControllers.js: Using EditorConfig core...
src/app/controllers/UserControllers.js: editor.action.trimTrailingWhitespace
desafio02/src/app/controllers/UserControllers.js: Using EditorConfig core...
src/app/controllers/UserControllers.js: editor.action.trimTrailingWhitespace
desafio02/src/app/controllers/UserControllers.js: Using EditorConfig core...
src/app/controllers/UserControllers.js: editor.action.trimTrailingWhitespace
desafio02/src/app/controllers/UserControllers.js: Using EditorConfig core...
src/app/controllers/UserControllers.js: editor.action.trimTrailingWhitespace
desafio02/src/app/controllers/UserControllers.js: {"insertSpaces":true,"tabSize":4}
desafio02/src/app/controllers/UserControllers.js: Using EditorConfig core...
src/app/controllers/UserControllers.js: editor.action.trimTrailingWhitespace
desafio02/src/app/controllers/UserControllers.js: Using EditorConfig core...
src/app/controllers/UserControllers.js: editor.action.trimTrailingWhitespace
desafio02/src/app/controllers/UserControllers.js: Using EditorConfig core...
src/app/controllers/UserControllers.js: editor.action.trimTrailingWhitespace
desafio02/src/app/controllers/UserControllers.js: Using EditorConfig core...
src/app/controllers/UserControllers.js: editor.action.trimTrailingWhitespace
desafio02/src/app/controllers/UserControllers.js: Using EditorConfig core...
src/app/controllers/UserControllers.js: editor.action.trimTrailingWhitespace
desafio02/src/app/controllers/UserControllers.js: Using EditorConfig core...
src/app/controllers/UserControllers.js: editor.action.trimTrailingWhitespace
desafio02/src/app/controllers/UserControllers.js: Using EditorConfig core...
src/app/controllers/UserControllers.js: editor.action.trimTrailingWhitespace
desafio02/src/app/controllers/UserControllers.js: Using EditorConfig core...
src/app/controllers/UserControllers.js: editor.action.trimTrailingWhitespace
desafio02/src/app/controllers/UserControllers.js: Using EditorConfig core...
src/app/controllers/UserControllers.js: editor.action.trimTrailingWhitespace
desafio02/src/app/controllers/UserControllers.js: Using EditorConfig core...
src/app/controllers/UserControllers.js: editor.action.trimTrailingWhitespace
desafio02/src/app/controllers/UserControllers.js: Using EditorConfig core...
src/app/controllers/UserControllers.js: editor.action.trimTrailingWhitespace
desafio02/src/app/controllers/UserControllers.js: Using EditorConfig core...
src/app/controllers/UserControllers.js: editor.action.trimTrailingWhitespace
desafio02/src/app/controllers/UserControllers.js: Using EditorConfig core...
src/app/controllers/UserControllers.js: editor.action.trimTrailingWhitespace
desafio02/src/app/controllers/UserControllers.js: Using EditorConfig core...
src/app/controllers/UserControllers.js: editor.action.trimTrailingWhitespace
desafio02/src/app/controllers/UserControllers.js: {"insertSpaces":true,"tabSize":4}
desafio02/src/app/controllers/UserControllers.js: {"insertSpaces":true,"tabSize":4}
desafio02/src/app/controllers/UserControllers.js: Using EditorConfig core...
src/app/controllers/UserControllers.js: editor.action.trimTrailingWhitespace
desafio02/src/app/controllers/UserControllers.js: Using EditorConfig core...
src/app/controllers/UserControllers.js: editor.action.trimTrailingWhitespace
desafio02/src/app/controllers/UserControllers.js: {"insertSpaces":true,"tabSize":4}
desafio02/src/app/controllers/UserControllers.js: Using EditorConfig core...
src/app/controllers/UserControllers.js: editor.action.trimTrailingWhitespace
desafio02/src/app/controllers/UserControllers.js: {"insertSpaces":true,"tabSize":4}
desafio02/src/app/controllers/UserControllers.js: Using EditorConfig core...
src/app/controllers/UserControllers.js: editor.action.trimTrailingWhitespace
desafio02/src/app/controllers/UserControllers.js: Using EditorConfig core...
src/app/controllers/UserControllers.js: editor.action.trimTrailingWhitespace
desafio02/src/app/controllers/UserControllers.js: Using EditorConfig core...
src/app/controllers/UserControllers.js: editor.action.trimTrailingWhitespace
desafio02/src/app/controllers/UserControllers.js: Using EditorConfig core...
src/app/controllers/UserControllers.js: editor.action.trimTrailingWhitespace
desafio02/src/app/controllers/UserControllers.js: Using EditorConfig core...
src/app/controllers/UserControllers.js: editor.action.trimTrailingWhitespace
desafio02/src/app/controllers/UserControllers.js: {"insertSpaces":true,"tabSize":4}
desafio02/src/app/controllers/UserControllers.js: Using EditorConfig core...
src/app/controllers/UserControllers.js: editor.action.trimTrailingWhitespace
desafio02/src/app/controllers/UserControllers.js: Using EditorConfig core...
src/app/controllers/UserControllers.js: editor.action.trimTrailingWhitespace
desafio02/src/app/controllers/UserControllers.js: Using EditorConfig core...
src/app/controllers/UserControllers.js: editor.action.trimTrailingWhitespace
desafio02/src/app/controllers/UserControllers.js: Using EditorConfig core...
src/app/controllers/UserControllers.js: editor.action.trimTrailingWhitespace
desafio02/src/app/controllers/UserControllers.js: Using EditorConfig core...
src/app/controllers/UserControllers.js: editor.action.trimTrailingWhitespace
desafio02/src/app/controllers/UserControllers.js: Using EditorConfig core...
src/app/controllers/UserControllers.js: editor.action.trimTrailingWhitespace
desafio02/src/app/controllers/UserControllers.js: Using EditorConfig core...
src/app/controllers/UserControllers.js: editor.action.trimTrailingWhitespace
desafio02/src/app/controllers/UserControllers.js: Using EditorConfig core...
src/app/controllers/UserControllers.js: editor.action.trimTrailingWhitespace
desafio02/src/app/controllers/UserControllers.js: Using EditorConfig core...
src/app/controllers/UserControllers.js: editor.action.trimTrailingWhitespace
desafio02/src/app/controllers/SessionController.js: {"insertSpaces":true,"tabSize":4}
desafio02/src/app/controllers/SessionController.js: {"insertSpaces":true,"tabSize":4}
desafio02/src/app/controllers/SessionController.js: {"insertSpaces":true,"tabSize":4}
desafio02/src/app/controllers/SessionController.js: Using EditorConfig core...
src/app/controllers/SessionController.js: editor.action.trimTrailingWhitespace
desafio02/src/app/controllers/SessionController.js: Using EditorConfig core...
src/app/controllers/SessionController.js: editor.action.trimTrailingWhitespace
desafio02/src/app/controllers/SessionController.js: Using EditorConfig core...
src/app/controllers/SessionController.js: editor.action.trimTrailingWhitespace
desafio02/src/app/controllers/UserControllers.js: {"insertSpaces":true,"tabSize":4}
desafio02/src/app/controllers/SessionController.js: {"insertSpaces":true,"tabSize":4}
desafio02/src/app/controllers/SessionController.js: Using EditorConfig core...
src/app/controllers/SessionController.js: editor.action.trimTrailingWhitespace
desafio02/src/app/controllers/SessionController.js: Using EditorConfig core...
src/app/controllers/SessionController.js: editor.action.trimTrailingWhitespace
desafio02/src/app/controllers/SessionController.js: {"insertSpaces":true,"tabSize":4}
desafio02/src/app/controllers/SessionController.js: {"insertSpaces":true,"tabSize":4}
desafio02/src/app/controllers/SessionController.js: Using EditorConfig core...
src/app/controllers/SessionController.js: editor.action.trimTrailingWhitespace
desafio02/src/app/controllers/SessionController.js: {"insertSpaces":true,"tabSize":4}
desafio02/src/app/controllers/SessionController.js: {"insertSpaces":true,"tabSize":4}
desafio02/src/app/controllers/SessionController.js: {"insertSpaces":true,"tabSize":4}
desafio02/src/app/controllers/SessionController.js: Using EditorConfig core...
src/app/controllers/SessionController.js: editor.action.trimTrailingWhitespace
desafio02/src/app/controllers/SessionController.js: {"insertSpaces":true,"tabSize":4}
desafio02/src/app/controllers/SessionController.js: Using EditorConfig core...
src/app/controllers/SessionController.js: editor.action.trimTrailingWhitespace
desafio02/src/app/controllers/SessionController.js: Using EditorConfig core...
src/app/controllers/SessionController.js: editor.action.trimTrailingWhitespace
desafio02/src/app/controllers/SessionController.js: Using EditorConfig core...
src/app/controllers/SessionController.js: editor.action.trimTrailingWhitespace
desafio02/src/app/controllers/SessionController.js: {"insertSpaces":true,"tabSize":4}
desafio02/src/app/controllers/SessionController.js: {"insertSpaces":true,"tabSize":4}
desafio02/src/app/controllers/SessionController.js: Using EditorConfig core...
src/app/controllers/SessionController.js: editor.action.trimTrailingWhitespace
desafio02/src/app/controllers/SessionController.js: {"insertSpaces":true,"tabSize":4}
desafio02/src/app/controllers/SessionController.js: Using EditorConfig core...
src/app/controllers/SessionController.js: editor.action.trimTrailingWhitespace
desafio02/src/app/controllers/SessionController.js: {"insertSpaces":true,"tabSize":4}
desafio02/src/app/controllers/SessionController.js: Using EditorConfig core...
src/app/controllers/SessionController.js: editor.action.trimTrailingWhitespace
desafio02/src/app/controllers/SessionController.js: {"insertSpaces":true,"tabSize":4}
desafio02/src/app/controllers/SessionController.js: Using EditorConfig core...
src/app/controllers/SessionController.js: editor.action.trimTrailingWhitespace
desafio02/src/app/controllers/SessionController.js: Using EditorConfig core...
src/app/controllers/SessionController.js: editor.action.trimTrailingWhitespace
desafio02/src/app/controllers/SessionController.js: {"insertSpaces":true,"tabSize":4}
desafio02/src/app/controllers/UserControllers.js: {"insertSpaces":true,"tabSize":4}
desafio02/src/app/controllers/UserControllers.js: Using EditorConfig core...
src/app/controllers/UserControllers.js: editor.action.trimTrailingWhitespace
desafio02/src/app/controllers/UserControllers.js: {"insertSpaces":true,"tabSize":4}
desafio02/src/app/controllers/UserControllers.js: {"insertSpaces":true,"tabSize":4}
desafio02/.gitignore.ignore: {"insertSpaces":true,"tabSize":4}
desafio02/.gitignore: Using EditorConfig core...
.gitignore: trimTrailingWhitespace()
desafio02/src/app/controllers/UserControllers.js: {"insertSpaces":true,"tabSize":4}
extension-output-#7: {"insertSpaces":true,"tabSize":4}
desafio02/.gitignore: {"insertSpaces":true,"tabSize":4}
desafio02/.gitignore: Using EditorConfig core...
.gitignore: editor.action.trimTrailingWhitespace
desafio02/src/app/controllers/UserControllers.js: {"insertSpaces":true,"tabSize":4}
extension-output-#7: {"insertSpaces":true,"tabSize":4}
desafio02/src/app/controllers/UserControllers.js: {"insertSpaces":true,"tabSize":4}
desafio02/.gitignore: {"insertSpaces":true,"tabSize":4}
desafio02/.gitignore: Using EditorConfig core...
.gitignore: editor.action.trimTrailingWhitespace
.gitignore: insertFinalNewline(LF)
desafio02/.gitignore: {"insertSpaces":true,"tabSize":4}
desafio02/.gitignore: Using EditorConfig core...
.gitignore: editor.action.trimTrailingWhitespace
desafio02/.gitignore: {"insertSpaces":true,"tabSize":4}
desafio02/.gitignore: {"insertSpaces":true,"tabSize":4}
desafio02/.gitignore: {"insertSpaces":true,"tabSize":4}
desafio02/.gitignore: Using EditorConfig core...
.gitignore: editor.action.trimTrailingWhitespace
desafio02/.gitignore: Using EditorConfig core...
.gitignore: editor.action.trimTrailingWhitespace
desafio02/.gitignore: {"insertSpaces":true,"tabSize":4}
desafio02/.gitignore: Using EditorConfig core...
.gitignore: editor.action.trimTrailingWhitespace
desafio02/~/.vscode-root/Cookies-journal: {"insertSpaces":true,"tabSize":4}
desafio02/~/.vscode-root/Network Persistent State: {"insertSpaces":true,"tabSize":4}
desafio02/~/.vscode-root/machineid: {"insertSpaces":true,"tabSize":4}
desafio02/~/.vscode-root/Network Persistent State: {"insertSpaces":true,"tabSize":4}
desafio02/~/.vscode-root/rapid_render.json: {"insertSpaces":true,"tabSize":4}
desafio02/~/.vscode-root/storage.json: {"insertSpaces":true,"tabSize":4}
desafio02/.gitignore: {"insertSpaces":true,"tabSize":4}
desafio02/.gitignore: {"insertSpaces":true,"tabSize":4}
desafio02/.gitignore: {"insertSpaces":true,"tabSize":4}
desafio02/.gitignore: Using EditorConfig core...
.gitignore: editor.action.trimTrailingWhitespace
desafio02/.gitignore: Using EditorConfig core...
.gitignore: editor.action.trimTrailingWhitespace
desafio02/.gitignore: Using EditorConfig core...
.gitignore: editor.action.trimTrailingWhitespace
desafio02/.gitignore: {"insertSpaces":true,"tabSize":4}
desafio02/~/.vscode-root/storage.json: {"insertSpaces":true,"tabSize":4}
desafio02/~/.vscode-root/storage.json: {"insertSpaces":true,"tabSize":4}
desafio02/.gitignore: {"insertSpaces":true,"tabSize":4}
desafio02/.gitignore: Using EditorConfig core...
.gitignore: editor.action.trimTrailingWhitespace
desafio02/.gitignore: {"insertSpaces":true,"tabSize":4}
